\BOOKMARK [0][-]{chapter.1}{Introduction}{}% 1
\BOOKMARK [0][-]{chapter.2}{Literature Review}{}% 2
\BOOKMARK [1][-]{section.2.1}{Literature Review}{chapter.2}% 3
\BOOKMARK [2][-]{subsection.2.1.1}{}{section.2.1}% 4
\BOOKMARK [1][-]{section.2.2}{Literature Review}{chapter.2}% 5
\BOOKMARK [1][-]{section.2.3}{Literature Review}{chapter.2}% 6
\BOOKMARK [1][-]{section.2.4}{Literature Review}{chapter.2}% 7
\BOOKMARK [1][-]{section.2.5}{Literature Review}{chapter.2}% 8
\BOOKMARK [0][-]{chapter.3}{Research Methodology}{}% 9
\BOOKMARK [1][-]{section.3.1}{Data Selection}{chapter.3}% 10
\BOOKMARK [1][-]{section.3.2}{Data Pre-processing And Transformation}{chapter.3}% 11
\BOOKMARK [1][-]{section.3.3}{Existing Models And Benchmarks}{chapter.3}% 12
\BOOKMARK [0][-]{chapter.4}{Architecture Creation}{}% 13
\BOOKMARK [1][-]{section.4.1}{Drawbacks Of Current Architectures}{chapter.4}% 14
\BOOKMARK [1][-]{section.4.2}{Proposed Architecture Improvements}{chapter.4}% 15
\BOOKMARK [1][-]{section.4.3}{Architecture Refinement}{chapter.4}% 16
\BOOKMARK [0][-]{section*.6}{Appendices}{}% 17
\BOOKMARK [0][-]{appendix.1.A}{Appendix Research Proposal}{}% 18
\BOOKMARK [1][-]{section.1.A.1}{Introduction}{appendix.1.A}% 19
\BOOKMARK [1][-]{section.1.A.2}{Background and Related Research}{appendix.1.A}% 20
\BOOKMARK [2][-]{subsection.1.A.2.1}{Background}{section.1.A.2}% 21
\BOOKMARK [2][-]{subsection.1.A.2.2}{Related Research}{section.1.A.2}% 22
\BOOKMARK [1][-]{section.1.A.3}{Aims and Objectives}{appendix.1.A}% 23
\BOOKMARK [1][-]{section.1.A.4}{Research Methodology}{appendix.1.A}% 24
\BOOKMARK [2][-]{subsection.1.A.4.1}{Research Dataset}{section.1.A.4}% 25
\BOOKMARK [2][-]{subsection.1.A.4.2}{Research Benchmarks}{section.1.A.4}% 26
\BOOKMARK [2][-]{subsection.1.A.4.3}{Architecture Creation}{section.1.A.4}% 27
\BOOKMARK [2][-]{subsection.1.A.4.4}{Architecture Refinement}{section.1.A.4}% 28
\BOOKMARK [2][-]{subsection.1.A.4.5}{Model Evaluation}{section.1.A.4}% 29
\BOOKMARK [1][-]{section.1.A.5}{Expected Outcomes}{appendix.1.A}% 30
\BOOKMARK [1][-]{section.1.A.6}{Requirements and Resources}{appendix.1.A}% 31
\BOOKMARK [1][-]{section.1.A.7}{Research Plan}{appendix.1.A}% 32
