This is pdfTeX, Version 3.14159265-2.6-1.40.20 (TeX Live 2019/Debian) (preloaded format=pdflatex 2020.10.10)  10 JUN 2021 00:22
entering extended mode
 restricted \write18 enabled.
 %&-line parsing enabled.
**MidThesis.tex
(./MidThesis.tex
LaTeX2e <2020-02-02> patch level 2
L3 programming layer <2020-02-14>
(/usr/share/texlive/texmf-dist/tex/latex/base/report.cls
Document Class: report 2019/12/20 v1.4l Standard LaTeX document class
(/usr/share/texlive/texmf-dist/tex/latex/base/size12.clo
File: size12.clo 2019/12/20 v1.4l Standard LaTeX file (size option)
)
\c@part=\count167
\c@chapter=\count168
\c@section=\count169
\c@subsection=\count170
\c@subsubsection=\count171
\c@paragraph=\count172
\c@subparagraph=\count173
\c@figure=\count174
\c@table=\count175
\abovecaptionskip=\skip47
\belowcaptionskip=\skip48
\bibindent=\dimen134
)
(/usr/share/texlive/texmf-dist/tex/latex/natbib/natbib.sty
Package: natbib 2010/09/13 8.31b (PWD, AO)
\bibhang=\skip49
\bibsep=\skip50
LaTeX Info: Redefining \cite on input line 694.
\c@NAT@ctr=\count176
)
(/usr/share/texlive/texmf-dist/tex/latex/base/inputenc.sty
Package: inputenc 2018/08/11 v1.3c Input encoding file
\inpenc@prehook=\toks14
\inpenc@posthook=\toks15
)
(/usr/share/texlive/texmf-dist/tex/latex/graphics/epsfig.sty
Package: epsfig 2017/06/25 v1.7b (e)psfig emulation (SPQR)

(/usr/share/texlive/texmf-dist/tex/latex/graphics/graphicx.sty
Package: graphicx 2019/11/30 v1.2a Enhanced LaTeX Graphics (DPC,SPQR)

(/usr/share/texlive/texmf-dist/tex/latex/graphics/keyval.sty
Package: keyval 2014/10/28 v1.15 key=value parser (DPC)
\KV@toks@=\toks16
)
(/usr/share/texlive/texmf-dist/tex/latex/graphics/graphics.sty
Package: graphics 2019/11/30 v1.4a Standard LaTeX Graphics (DPC,SPQR)

(/usr/share/texlive/texmf-dist/tex/latex/graphics/trig.sty
Package: trig 2016/01/03 v1.10 sin cos tan (DPC)
)
(/usr/share/texlive/texmf-dist/tex/latex/graphics-cfg/graphics.cfg
File: graphics.cfg 2016/06/04 v1.11 sample graphics configuration
)
Package graphics Info: Driver file: pdftex.def on input line 105.

(/usr/share/texlive/texmf-dist/tex/latex/graphics-def/pdftex.def
File: pdftex.def 2018/01/08 v1.0l Graphics/color driver for pdftex
))
\Gin@req@height=\dimen135
\Gin@req@width=\dimen136
)
\epsfxsize=\dimen137
\epsfysize=\dimen138
)
(/usr/share/texlive/texmf-dist/tex/latex/base/latexsym.sty
Package: latexsym 1998/08/17 v2.2e Standard LaTeX package (lasy symbols)
\symlasy=\mathgroup4
LaTeX Font Info:    Overwriting symbol font `lasy' in version `bold'
(Font)                  U/lasy/m/n --> U/lasy/b/n on input line 52.
)
(/usr/share/texlive/texmf-dist/tex/latex/hyperref/hyperref.sty
Package: hyperref 2020/01/14 v7.00d Hypertext links for LaTeX

(/usr/share/texlive/texmf-dist/tex/generic/ltxcmds/ltxcmds.sty
Package: ltxcmds 2019/12/15 v1.24 LaTeX kernel commands for general use (HO)
)
(/usr/share/texlive/texmf-dist/tex/generic/iftex/iftex.sty
Package: iftex 2019/11/07 v1.0c TeX engine tests
)
(/usr/share/texlive/texmf-dist/tex/latex/pdftexcmds/pdftexcmds.sty
Package: pdftexcmds 2019/11/24 v0.31 Utility functions of pdfTeX for LuaTeX (HO
)

(/usr/share/texlive/texmf-dist/tex/generic/infwarerr/infwarerr.sty
Package: infwarerr 2019/12/03 v1.5 Providing info/warning/error messages (HO)
)
Package pdftexcmds Info: \pdf@primitive is available.
Package pdftexcmds Info: \pdf@ifprimitive is available.
Package pdftexcmds Info: \pdfdraftmode found.
)
(/usr/share/texlive/texmf-dist/tex/generic/kvsetkeys/kvsetkeys.sty
Package: kvsetkeys 2019/12/15 v1.18 Key value parser (HO)
)
(/usr/share/texlive/texmf-dist/tex/generic/kvdefinekeys/kvdefinekeys.sty
Package: kvdefinekeys 2019-12-19 v1.6 Define keys (HO)
)
(/usr/share/texlive/texmf-dist/tex/generic/pdfescape/pdfescape.sty
Package: pdfescape 2019/12/09 v1.15 Implements pdfTeX's escape features (HO)
)
(/usr/share/texlive/texmf-dist/tex/latex/hycolor/hycolor.sty
Package: hycolor 2020-01-27 v1.10 Color options for hyperref/bookmark (HO)
)
(/usr/share/texlive/texmf-dist/tex/latex/letltxmacro/letltxmacro.sty
Package: letltxmacro 2019/12/03 v1.6 Let assignment for LaTeX macros (HO)
)
(/usr/share/texlive/texmf-dist/tex/latex/auxhook/auxhook.sty
Package: auxhook 2019-12-17 v1.6 Hooks for auxiliary files (HO)
)
(/usr/share/texlive/texmf-dist/tex/latex/kvoptions/kvoptions.sty
Package: kvoptions 2019/11/29 v3.13 Key value format for package options (HO)
)
\@linkdim=\dimen139
\Hy@linkcounter=\count177
\Hy@pagecounter=\count178

(/usr/share/texlive/texmf-dist/tex/latex/hyperref/pd1enc.def
File: pd1enc.def 2020/01/14 v7.00d Hyperref: PDFDocEncoding definition (HO)
Now handling font encoding PD1 ...
... no UTF-8 mapping file for font encoding PD1
)
(/usr/share/texlive/texmf-dist/tex/generic/intcalc/intcalc.sty
Package: intcalc 2019/12/15 v1.3 Expandable calculations with integers (HO)
)
(/usr/share/texlive/texmf-dist/tex/generic/etexcmds/etexcmds.sty
Package: etexcmds 2019/12/15 v1.7 Avoid name clashes with e-TeX commands (HO)
)
\Hy@SavedSpaceFactor=\count179
\pdfmajorversion=\count180
Package hyperref Info: Hyper figures OFF on input line 4547.
Package hyperref Info: Link nesting OFF on input line 4552.
Package hyperref Info: Hyper index ON on input line 4555.
Package hyperref Info: Plain pages OFF on input line 4562.
Package hyperref Info: Backreferencing OFF on input line 4567.
Package hyperref Info: Implicit mode ON; LaTeX internals redefined.
Package hyperref Info: Bookmarks ON on input line 4800.
\c@Hy@tempcnt=\count181

(/usr/share/texlive/texmf-dist/tex/latex/url/url.sty
\Urlmuskip=\muskip16
Package: url 2013/09/16  ver 3.4  Verb mode for urls, etc.
)
LaTeX Info: Redefining \url on input line 5159.
\XeTeXLinkMargin=\dimen140

(/usr/share/texlive/texmf-dist/tex/generic/bitset/bitset.sty
Package: bitset 2019/12/09 v1.3 Handle bit-vector datatype (HO)

(/usr/share/texlive/texmf-dist/tex/generic/bigintcalc/bigintcalc.sty
Package: bigintcalc 2019/12/15 v1.5 Expandable calculations on big integers (HO
)
))
\Fld@menulength=\count182
\Field@Width=\dimen141
\Fld@charsize=\dimen142
Package hyperref Info: Hyper figures OFF on input line 6430.
Package hyperref Info: Link nesting OFF on input line 6435.
Package hyperref Info: Hyper index ON on input line 6438.
Package hyperref Info: backreferencing OFF on input line 6445.
Package hyperref Info: Link coloring OFF on input line 6450.
Package hyperref Info: Link coloring with OCG OFF on input line 6455.
Package hyperref Info: PDF/A mode OFF on input line 6460.
LaTeX Info: Redefining \ref on input line 6500.
LaTeX Info: Redefining \pageref on input line 6504.

(/usr/share/texlive/texmf-dist/tex/generic/atbegshi/atbegshi.sty
Package: atbegshi 2019/12/05 v1.19 At begin shipout hook (HO)
)
\Hy@abspage=\count183
\c@Item=\count184
\c@Hfootnote=\count185
)
Package hyperref Info: Driver (autodetected): hpdftex.

(/usr/share/texlive/texmf-dist/tex/latex/hyperref/hpdftex.def
File: hpdftex.def 2020/01/14 v7.00d Hyperref driver for pdfTeX

(/usr/share/texlive/texmf-dist/tex/latex/atveryend/atveryend.sty
Package: atveryend 2019-12-11 v1.11 Hooks at the very end of document (HO)
Package atveryend Info: \enddocument detected (standard20110627).
)
\Fld@listcount=\count186
\c@bookmark@seq@number=\count187

(/usr/share/texlive/texmf-dist/tex/latex/rerunfilecheck/rerunfilecheck.sty
Package: rerunfilecheck 2019/12/05 v1.9 Rerun checks for auxiliary files (HO)

(/usr/share/texlive/texmf-dist/tex/generic/uniquecounter/uniquecounter.sty
Package: uniquecounter 2019/12/15 v1.4 Provide unlimited unique counter (HO)
)
Package uniquecounter Info: New unique counter `rerunfilecheck' on input line 2
86.
)
\Hy@SectionHShift=\skip51
)
(/usr/share/texlive/texmf-dist/tex/latex/caption/caption.sty
Package: caption 2020/01/03 v3.4h Customizing captions (AR)

(/usr/share/texlive/texmf-dist/tex/latex/caption/caption3.sty
Package: caption3 2020/01/03 v1.8h caption3 kernel (AR)
Package caption3 Info: TeX engine: e-TeX on input line 61.
\captionmargin=\dimen143
\captionmargin@=\dimen144
\captionwidth=\dimen145
\caption@tempdima=\dimen146
\caption@indent=\dimen147
\caption@parindent=\dimen148
\caption@hangindent=\dimen149
Package caption Info: Standard document class detected.
)
\c@caption@flags=\count188
\c@continuedfloat=\count189
Package caption Info: hyperref package is loaded.
)
(/usr/share/texlive/texmf-dist/tex/latex/titlesec/titlesec.sty
Package: titlesec 2019/10/16 v2.13 Sectioning titles
\ttl@box=\box45
\beforetitleunit=\skip52
\aftertitleunit=\skip53
\ttl@plus=\dimen150
\ttl@minus=\dimen151
\ttl@toksa=\toks17
\titlewidth=\dimen152
\titlewidthlast=\dimen153
\titlewidthfirst=\dimen154
)
(/usr/share/texlive/texmf-dist/tex/latex/pdfpages/pdfpages.sty
Package: pdfpages 2020/01/28 v0.5q Insert pages of external PDF documents (AM)

(/usr/share/texlive/texmf-dist/tex/latex/base/ifthen.sty
Package: ifthen 2014/09/29 v1.1c Standard LaTeX ifthen package (DPC)
)
(/usr/share/texlive/texmf-dist/tex/latex/tools/calc.sty
Package: calc 2017/05/25 v4.3 Infix arithmetic (KKT,FJ)
\calc@Acount=\count190
\calc@Bcount=\count191
\calc@Adimen=\dimen155
\calc@Bdimen=\dimen156
\calc@Askip=\skip54
\calc@Bskip=\skip55
LaTeX Info: Redefining \setlength on input line 80.
LaTeX Info: Redefining \addtolength on input line 81.
\calc@Ccount=\count192
\calc@Cskip=\skip56
)
(/usr/share/texlive/texmf-dist/tex/latex/eso-pic/eso-pic.sty
Package: eso-pic 2018/04/12 v2.0h eso-pic (RN)

(/usr/share/texlive/texmf-dist/tex/latex/xcolor/xcolor.sty
Package: xcolor 2016/05/11 v2.12 LaTeX color extensions (UK)

(/usr/share/texlive/texmf-dist/tex/latex/graphics-cfg/color.cfg
File: color.cfg 2016/01/02 v1.6 sample color configuration
)
Package xcolor Info: Driver file: pdftex.def on input line 225.
Package xcolor Info: Model `cmy' substituted by `cmy0' on input line 1348.
Package xcolor Info: Model `hsb' substituted by `rgb' on input line 1352.
Package xcolor Info: Model `RGB' extended on input line 1364.
Package xcolor Info: Model `HTML' substituted by `rgb' on input line 1366.
Package xcolor Info: Model `Hsb' substituted by `hsb' on input line 1367.
Package xcolor Info: Model `tHsb' substituted by `hsb' on input line 1368.
Package xcolor Info: Model `HSB' substituted by `hsb' on input line 1369.
Package xcolor Info: Model `Gray' substituted by `gray' on input line 1370.
Package xcolor Info: Model `wave' substituted by `hsb' on input line 1371.
))
\AM@pagewidth=\dimen157
\AM@pageheight=\dimen158

(/usr/share/texlive/texmf-dist/tex/latex/pdfpages/pppdftex.def
File: pppdftex.def 2020/01/28 v0.5q Pdfpages driver for pdfTeX (AM)
)
\AM@pagebox=\box46
\AM@global@opts=\toks18
\AM@pagecnt=\count193
\AM@toc@title=\toks19
\c@AM@survey=\count194
\AM@templatesizebox=\box47
)
(/usr/share/texlive/texmf-dist/tex/latex/tocbibind/tocbibind.sty
Package: tocbibind 2010/10/13 v1.5k extra ToC listings
Package tocbibind Info: The document has chapter divisions on input line 50.


Package tocbibind Note: Using chapter style headings, unless overridden.

) (/usr/share/texlive/texmf-dist/tex/latex/appendix/appendix.sty
Package: appendix 2020/02/08 v1.2c extra appendix facilities
\c@@pps=\count195
\c@@ppsavesec=\count196
\c@@ppsaveapp=\count197
)
(/usr/share/texlive/texmf-dist/tex/latex/datetime/datetime.sty
Package: datetime 2015/03/20 v2.60 Date Time Package

(/usr/share/texlive/texmf-dist/tex/latex/etoolbox/etoolbox.sty
Package: etoolbox 2019/09/21 v2.5h e-TeX tools for LaTeX (JAW)
\etb@tempcnta=\count198
)
(/usr/share/texlive/texmf-dist/tex/latex/fmtcount/fmtcount.sty
Package: fmtcount 2020/01/30 v3.06

(/usr/share/texlive/texmf-dist/tex/latex/xkeyval/xkeyval.sty
Package: xkeyval 2014/12/03 v2.7a package option processing (HA)

(/usr/share/texlive/texmf-dist/tex/generic/xkeyval/xkeyval.tex
(/usr/share/texlive/texmf-dist/tex/generic/xkeyval/xkvutils.tex
\XKV@toks=\toks20
\XKV@tempa@toks=\toks21
)
\XKV@depth=\count199
File: xkeyval.tex 2014/12/03 v2.7a key=value parser (HA)
))
(/usr/share/texlive/texmf-dist/tex/latex/fmtcount/fcprefix.sty
Package: fcprefix 2012/09/28

(/usr/share/texlive/texmf-dist/tex/latex/fmtcount/fcnumparser.sty
Package: fcnumparser 2017/06/15
\fc@digit@counter=\count266
))
(/usr/share/texlive/texmf-dist/tex/latex/amsmath/amsgen.sty
File: amsgen.sty 1999/11/30 v2.0 generic functions
\@emptytoks=\toks22
\ex@=\dimen159
)
\c@padzeroesN=\count267
\fc@tmpcatcode=\count268
\@DT@modctr=\count269
\@ordinalctr=\count270
\@orgargctr=\count271
\@strctr=\count272
\@tmpstrctr=\count273
\@DT@loopN=\count274
\@DT@X=\count275
)
(/usr/share/texlive/texmf-dist/tex/latex/datetime/datetime-defaults.sty
Package: datetime-defaults 2013/09/10
)
\@day=\count276
\@month=\count277
\@year=\count278
\c@HOUR=\count279
\c@HOURXII=\count280
\c@MINUTE=\count281
\c@TOHOUR=\count282
\c@TOMINUTE=\count283
\c@SECOND=\count284
\currenthour=\count285
\currentminute=\count286
\currentsecond=\count287
Package datetime Info: No datetime.cfg file found, using default settings on in
put line 308.
\@dtctr=\count288
\dayofyear=\count289
\dayofweek=\count290
LaTeX Info: Redefining \today on input line 736.
\dt@a=\toks23
\dt@b=\toks24
)
(/usr/share/texlive/texmf-dist/tex/latex/l3backend/l3backend-pdfmode.def
File: l3backend-pdfmode.def 2020-02-03 L3 backend support: PDF mode
\l__kernel_color_stack_int=\count291
\l__pdf_internal_box=\box48
)
(./MidThesis.aux)
\openout1 = `MidThesis.aux'.

LaTeX Font Info:    Checking defaults for OML/cmm/m/it on input line 41.
LaTeX Font Info:    ... okay on input line 41.
LaTeX Font Info:    Checking defaults for OMS/cmsy/m/n on input line 41.
LaTeX Font Info:    ... okay on input line 41.
LaTeX Font Info:    Checking defaults for OT1/cmr/m/n on input line 41.
LaTeX Font Info:    ... okay on input line 41.
LaTeX Font Info:    Checking defaults for T1/cmr/m/n on input line 41.
LaTeX Font Info:    ... okay on input line 41.
LaTeX Font Info:    Checking defaults for TS1/cmr/m/n on input line 41.
LaTeX Font Info:    ... okay on input line 41.
LaTeX Font Info:    Checking defaults for OMX/cmex/m/n on input line 41.
LaTeX Font Info:    ... okay on input line 41.
LaTeX Font Info:    Checking defaults for U/cmr/m/n on input line 41.
LaTeX Font Info:    ... okay on input line 41.
LaTeX Font Info:    Checking defaults for PD1/pdf/m/n on input line 41.
LaTeX Font Info:    ... okay on input line 41.

(/usr/share/texlive/texmf-dist/tex/context/base/mkii/supp-pdf.mkii
[Loading MPS to PDF converter (version 2006.09.02).]
\scratchcounter=\count292
\scratchdimen=\dimen160
\scratchbox=\box49
\nofMPsegments=\count293
\nofMParguments=\count294
\everyMPshowfont=\toks25
\MPscratchCnt=\count295
\MPscratchDim=\dimen161
\MPnumerator=\count296
\makeMPintoPDFobject=\count297
\everyMPtoPDFconversion=\toks26
) (/usr/share/texlive/texmf-dist/tex/latex/epstopdf-pkg/epstopdf-base.sty
Package: epstopdf-base 2020-01-24 v2.11 Base part for package epstopdf
Package epstopdf-base Info: Redefining graphics rule for `.eps' on input line 4
85.

(/usr/share/texlive/texmf-dist/tex/latex/latexconfig/epstopdf-sys.cfg
File: epstopdf-sys.cfg 2010/07/13 v1.3 Configuration of (r)epstopdf for TeX Liv
e
))
\AtBeginShipoutBox=\box50
Package hyperref Info: Link coloring OFF on input line 41.

(/usr/share/texlive/texmf-dist/tex/latex/hyperref/nameref.sty
Package: nameref 2019/09/16 v2.46 Cross-referencing by name of section

(/usr/share/texlive/texmf-dist/tex/latex/refcount/refcount.sty
Package: refcount 2019/12/15 v3.6 Data extraction from label references (HO)
)
(/usr/share/texlive/texmf-dist/tex/generic/gettitlestring/gettitlestring.sty
Package: gettitlestring 2019/12/15 v1.6 Cleanup title references (HO)
)
\c@section@level=\count298
)
LaTeX Info: Redefining \ref on input line 41.
LaTeX Info: Redefining \pageref on input line 41.
LaTeX Info: Redefining \nameref on input line 41.

(./MidThesis.out) (./MidThesis.out)
\@outlinefile=\write3
\openout3 = `MidThesis.out'.

Package caption Info: Begin \AtBeginDocument code.
Package caption Info: End \AtBeginDocument code.

(/usr/share/texlive/texmf-dist/tex/latex/pdflscape/pdflscape.sty
Package: pdflscape 2019/12/05 v0.12 Display of landscape pages in PDF (HO)

(/usr/share/texlive/texmf-dist/tex/latex/graphics/lscape.sty
Package: lscape 2000/10/22 v3.01 Landscape Pages (DPC)
)
Package pdflscape Info: Auto-detected driver: pdftex on input line 81.
)
(/usr/share/texlive/texmf-dist/tex/latex/fmtcount/fc-english.def
File: fc-english.def 2016/01/12
)
LaTeX Font Info:    External font `cmex10' loaded for size
(Font)              <14.4> on input line 50.
LaTeX Font Info:    External font `cmex10' loaded for size
(Font)              <7> on input line 50.
LaTeX Font Info:    Trying to load font information for U+lasy on input line 50
.

(/usr/share/texlive/texmf-dist/tex/latex/base/ulasy.fd
File: ulasy.fd 1998/08/17 v2.2e LaTeX symbol font definitions
) [1

{/var/lib/texmf/fonts/map/pdftex/updmap/pdftex.map}] (./MidThesis.toc
LaTeX Font Info:    External font `cmex10' loaded for size
(Font)              <12> on input line 4.
LaTeX Font Info:    External font `cmex10' loaded for size
(Font)              <8> on input line 4.
LaTeX Font Info:    External font `cmex10' loaded for size
(Font)              <6> on input line 4.
pdfTeX warning (ext4): destination with the same identifier (name{page.1}) has 
been already used, duplicate ignored
<to be read again> 
                   \relax 
l.23 ...line {chapter}{Appendices}{14}{section*.7}
                                                  % [1

])
\tf@toc=\write4
\openout4 = `MidThesis.toc'.

 [2] (./MidThesis.lof)
\tf@lof=\write5
\openout5 = `MidThesis.lof'.


[3

] (./MidThesis.lot)
\tf@lot=\write6
\openout6 = `MidThesis.lot'.

 [4

]
Chapter 1.

Package hyperref Warning: Token not allowed in a PDF string (PDFDocEncoding):
(hyperref)                removing `\<let>-command' on input line 61.


Package hyperref Warning: Token not allowed in a PDF string (PDFDocEncoding):
(hyperref)                removing `\\' on input line 61.


Package hyperref Warning: Token not allowed in a PDF string (PDFDocEncoding):
(hyperref)                removing `\@centercr' on input line 61.


Package hyperref Warning: Token not allowed in a PDF string (PDFDocEncoding):
(hyperref)                removing `\rightskip' on input line 61.


Package hyperref Warning: Token not allowed in a PDF string (PDFDocEncoding):
(hyperref)                removing `\@flushglue' on input line 61.


Package hyperref Warning: Token not allowed in a PDF string (PDFDocEncoding):
(hyperref)                removing `\leftskip' on input line 61.


Package hyperref Warning: Token not allowed in a PDF string (PDFDocEncoding):
(hyperref)                removing `\@flushglue' on input line 61.


Package hyperref Warning: Token not allowed in a PDF string (PDFDocEncoding):
(hyperref)                removing `\parindent' on input line 61.


Package hyperref Warning: Token not allowed in a PDF string (PDFDocEncoding):
(hyperref)                removing `\z@' on input line 61.


Package hyperref Warning: Token not allowed in a PDF string (PDFDocEncoding):
(hyperref)                removing `\parfillskip' on input line 61.


Package hyperref Warning: Token not allowed in a PDF string (PDFDocEncoding):
(hyperref)                removing `\z@skip' on input line 61.

[5

]
Chapter 2.

Package hyperref Warning: Token not allowed in a PDF string (PDFDocEncoding):
(hyperref)                removing `\<let>-command' on input line 67.


Package hyperref Warning: Token not allowed in a PDF string (PDFDocEncoding):
(hyperref)                removing `\\' on input line 67.


Package hyperref Warning: Token not allowed in a PDF string (PDFDocEncoding):
(hyperref)                removing `\@centercr' on input line 67.


Package hyperref Warning: Token not allowed in a PDF string (PDFDocEncoding):
(hyperref)                removing `\rightskip' on input line 67.


Package hyperref Warning: Token not allowed in a PDF string (PDFDocEncoding):
(hyperref)                removing `\@flushglue' on input line 67.


Package hyperref Warning: Token not allowed in a PDF string (PDFDocEncoding):
(hyperref)                removing `\leftskip' on input line 67.


Package hyperref Warning: Token not allowed in a PDF string (PDFDocEncoding):
(hyperref)                removing `\@flushglue' on input line 67.


Package hyperref Warning: Token not allowed in a PDF string (PDFDocEncoding):
(hyperref)                removing `\parindent' on input line 67.


Package hyperref Warning: Token not allowed in a PDF string (PDFDocEncoding):
(hyperref)                removing `\z@' on input line 67.


Package hyperref Warning: Token not allowed in a PDF string (PDFDocEncoding):
(hyperref)                removing `\parfillskip' on input line 67.


Package hyperref Warning: Token not allowed in a PDF string (PDFDocEncoding):
(hyperref)                removing `\z@skip' on input line 67.

! Undefined control sequence.
l.69 ...on-Answering based systems using \acrshort
                                                  {rnns} and the common chal...
The control sequence at the end of the top line
of your error message was never \def'ed. If you have
misspelled it (e.g., `\hobx'), type `I' and the correct
spelling (e.g., `I\hbox'). Otherwise just continue,
and I'll forget about whatever was undefined.

! Undefined control sequence.
l.69 ...ref{22}, where we see the use of \acrshort
                                                  {lstms}
The control sequence at the end of the top line
of your error message was never \def'ed. If you have
misspelled it (e.g., `\hobx'), type `I' and the correct
spelling (e.g., `I\hbox'). Otherwise just continue,
and I'll forget about whatever was undefined.

<transformer.png, id=179, 508.90125pt x 599.99156pt>
File: transformer.png Graphic file (type png)
<use transformer.png>
Package pdftex.def Info: transformer.png  used on input line 83.
(pdftex.def)             Requested size: 127.22499pt x 149.99751pt.
<multihead.png, id=187, 746.03719pt x 436.63126pt>
File: multihead.png Graphic file (type png)
<use multihead.png>
Package pdftex.def Info: multihead.png  used on input line 92.
(pdftex.def)             Requested size: 298.40958pt x 174.6494pt.
[6

]

LaTeX Warning: `!h' float specifier changed to `!ht'.

[7 <./transformer.PNG>]
<BERT.png, id=216, 1086.0575pt x 479.7925pt>
File: BERT.png Graphic file (type png)
<use BERT.png>
Package pdftex.def Info: BERT.png  used on input line 101.
(pdftex.def)             Requested size: 380.12581pt x 167.92987pt.


LaTeX Warning: `!h' float specifier changed to `!ht'.

[8 <./multihead.PNG>] [9 <./BERT.png>] [10]
Chapter 3.

Package hyperref Warning: Token not allowed in a PDF string (PDFDocEncoding):
(hyperref)                removing `\<let>-command' on input line 124.


Package hyperref Warning: Token not allowed in a PDF string (PDFDocEncoding):
(hyperref)                removing `\\' on input line 124.


Package hyperref Warning: Token not allowed in a PDF string (PDFDocEncoding):
(hyperref)                removing `\@centercr' on input line 124.


Package hyperref Warning: Token not allowed in a PDF string (PDFDocEncoding):
(hyperref)                removing `\rightskip' on input line 124.


Package hyperref Warning: Token not allowed in a PDF string (PDFDocEncoding):
(hyperref)                removing `\@flushglue' on input line 124.


Package hyperref Warning: Token not allowed in a PDF string (PDFDocEncoding):
(hyperref)                removing `\leftskip' on input line 124.


Package hyperref Warning: Token not allowed in a PDF string (PDFDocEncoding):
(hyperref)                removing `\@flushglue' on input line 124.


Package hyperref Warning: Token not allowed in a PDF string (PDFDocEncoding):
(hyperref)                removing `\parindent' on input line 124.


Package hyperref Warning: Token not allowed in a PDF string (PDFDocEncoding):
(hyperref)                removing `\z@' on input line 124.


Package hyperref Warning: Token not allowed in a PDF string (PDFDocEncoding):
(hyperref)                removing `\parfillskip' on input line 124.


Package hyperref Warning: Token not allowed in a PDF string (PDFDocEncoding):
(hyperref)                removing `\z@skip' on input line 124.

! Undefined control sequence.
l.130 ... various datasets such as RACE, \acrshort
                                                  {MCTest}, \acrshort{QASENT...
The control sequence at the end of the top line
of your error message was never \def'ed. If you have
misspelled it (e.g., `\hobx'), type `I' and the correct
spelling (e.g., `I\hbox'). Otherwise just continue,
and I'll forget about whatever was undefined.

! Undefined control sequence.
l.130 ...uch as RACE, \acrshort{MCTest}, \acrshort
                                                  {QASENT} etc. they have id...
The control sequence at the end of the top line
of your error message was never \def'ed. If you have
misspelled it (e.g., `\hobx'), type `I' and the correct
spelling (e.g., `I\hbox'). Otherwise just continue,
and I'll forget about whatever was undefined.

[11

] [12]
Chapter 4.

Package hyperref Warning: Token not allowed in a PDF string (PDFDocEncoding):
(hyperref)                removing `\<let>-command' on input line 133.


Package hyperref Warning: Token not allowed in a PDF string (PDFDocEncoding):
(hyperref)                removing `\\' on input line 133.


Package hyperref Warning: Token not allowed in a PDF string (PDFDocEncoding):
(hyperref)                removing `\@centercr' on input line 133.


Package hyperref Warning: Token not allowed in a PDF string (PDFDocEncoding):
(hyperref)                removing `\rightskip' on input line 133.


Package hyperref Warning: Token not allowed in a PDF string (PDFDocEncoding):
(hyperref)                removing `\@flushglue' on input line 133.


Package hyperref Warning: Token not allowed in a PDF string (PDFDocEncoding):
(hyperref)                removing `\leftskip' on input line 133.


Package hyperref Warning: Token not allowed in a PDF string (PDFDocEncoding):
(hyperref)                removing `\@flushglue' on input line 133.


Package hyperref Warning: Token not allowed in a PDF string (PDFDocEncoding):
(hyperref)                removing `\parindent' on input line 133.


Package hyperref Warning: Token not allowed in a PDF string (PDFDocEncoding):
(hyperref)                removing `\z@' on input line 133.


Package hyperref Warning: Token not allowed in a PDF string (PDFDocEncoding):
(hyperref)                removing `\parfillskip' on input line 133.


Package hyperref Warning: Token not allowed in a PDF string (PDFDocEncoding):
(hyperref)                removing `\z@skip' on input line 133.

[13

] [14


]
<rp.pdf, id=271, 614.295pt x 794.97pt>
File: rp.pdf Graphic file (type pdf)
<use rp.pdf>
Package pdftex.def Info: rp.pdf  used on input line 138.
(pdftex.def)             Requested size: 614.29349pt x 794.96806pt.
File: rp.pdf Graphic file (type pdf)
<use rp.pdf>
Package pdftex.def Info: rp.pdf  used on input line 138.
(pdftex.def)             Requested size: 614.29349pt x 794.96806pt.
<rp.pdf, id=274, page=1, 614.295pt x 794.97pt>
File: rp.pdf Graphic file (type pdf)
<use rp.pdf, page 1>
Package pdftex.def Info: rp.pdf , page1 used on input line 138.
(pdftex.def)             Requested size: 614.29349pt x 794.96806pt.
File: rp.pdf Graphic file (type pdf)
<use rp.pdf, page 1>
Package pdftex.def Info: rp.pdf , page1 used on input line 138.
(pdftex.def)             Requested size: 614.58406pt x 795.3441pt.
File: rp.pdf Graphic file (type pdf)
<use rp.pdf, page 1>
Package pdftex.def Info: rp.pdf , page1 used on input line 138.
(pdftex.def)             Requested size: 614.58406pt x 795.3441pt.
File: rp.pdf Graphic file (type pdf)
<use rp.pdf, page 1>
Package pdftex.def Info: rp.pdf , page1 used on input line 138.
(pdftex.def)             Requested size: 614.58406pt x 795.3441pt.
File: rp.pdf Graphic file (type pdf)
<use rp.pdf, page 1>
Package pdftex.def Info: rp.pdf , page1 used on input line 138.
(pdftex.def)             Requested size: 614.58406pt x 795.3441pt.
 [15 <./rp.pdf>]
<rp.pdf, id=296, page=2, 614.295pt x 794.97pt>
File: rp.pdf Graphic file (type pdf)
<use rp.pdf, page 2>
Package pdftex.def Info: rp.pdf , page2 used on input line 138.
(pdftex.def)             Requested size: 614.58406pt x 795.3441pt.
File: rp.pdf Graphic file (type pdf)
<use rp.pdf, page 2>
Package pdftex.def Info: rp.pdf , page2 used on input line 138.
(pdftex.def)             Requested size: 614.58406pt x 795.3441pt.
File: rp.pdf Graphic file (type pdf)
<use rp.pdf, page 2>
Package pdftex.def Info: rp.pdf , page2 used on input line 138.
(pdftex.def)             Requested size: 614.58406pt x 795.3441pt.
 [16 <./rp.pdf>]
<rp.pdf, id=311, page=3, 614.295pt x 794.97pt>
File: rp.pdf Graphic file (type pdf)
<use rp.pdf, page 3>
Package pdftex.def Info: rp.pdf , page3 used on input line 138.
(pdftex.def)             Requested size: 614.58406pt x 795.3441pt.
File: rp.pdf Graphic file (type pdf)
<use rp.pdf, page 3>
Package pdftex.def Info: rp.pdf , page3 used on input line 138.
(pdftex.def)             Requested size: 614.58406pt x 795.3441pt.
File: rp.pdf Graphic file (type pdf)
<use rp.pdf, page 3>
Package pdftex.def Info: rp.pdf , page3 used on input line 138.
(pdftex.def)             Requested size: 614.58406pt x 795.3441pt.
 [17 <./rp.pdf>]
<rp.pdf, id=321, page=4, 614.295pt x 794.97pt>
File: rp.pdf Graphic file (type pdf)
<use rp.pdf, page 4>
Package pdftex.def Info: rp.pdf , page4 used on input line 138.
(pdftex.def)             Requested size: 614.58406pt x 795.3441pt.
File: rp.pdf Graphic file (type pdf)
<use rp.pdf, page 4>
Package pdftex.def Info: rp.pdf , page4 used on input line 138.
(pdftex.def)             Requested size: 614.58406pt x 795.3441pt.
File: rp.pdf Graphic file (type pdf)
<use rp.pdf, page 4>
Package pdftex.def Info: rp.pdf , page4 used on input line 138.
(pdftex.def)             Requested size: 614.58406pt x 795.3441pt.
 [18 <./rp.pdf>]
<rp.pdf, id=327, page=5, 614.295pt x 794.97pt>
File: rp.pdf Graphic file (type pdf)
<use rp.pdf, page 5>
Package pdftex.def Info: rp.pdf , page5 used on input line 138.
(pdftex.def)             Requested size: 614.58406pt x 795.3441pt.
File: rp.pdf Graphic file (type pdf)
<use rp.pdf, page 5>
Package pdftex.def Info: rp.pdf , page5 used on input line 138.
(pdftex.def)             Requested size: 614.58406pt x 795.3441pt.
File: rp.pdf Graphic file (type pdf)
<use rp.pdf, page 5>
Package pdftex.def Info: rp.pdf , page5 used on input line 138.
(pdftex.def)             Requested size: 614.58406pt x 795.3441pt.

[19 <./rp.pdf>]
<rp.pdf, id=332, page=6, 614.295pt x 794.97pt>
File: rp.pdf Graphic file (type pdf)
<use rp.pdf, page 6>
Package pdftex.def Info: rp.pdf , page6 used on input line 138.
(pdftex.def)             Requested size: 614.58406pt x 795.3441pt.
File: rp.pdf Graphic file (type pdf)
<use rp.pdf, page 6>
Package pdftex.def Info: rp.pdf , page6 used on input line 138.
(pdftex.def)             Requested size: 614.58406pt x 795.3441pt.
File: rp.pdf Graphic file (type pdf)
<use rp.pdf, page 6>
Package pdftex.def Info: rp.pdf , page6 used on input line 138.
(pdftex.def)             Requested size: 614.58406pt x 795.3441pt.
 [20 <./rp.pdf>]
<rp.pdf, id=337, page=7, 614.295pt x 794.97pt>
File: rp.pdf Graphic file (type pdf)
<use rp.pdf, page 7>
Package pdftex.def Info: rp.pdf , page7 used on input line 138.
(pdftex.def)             Requested size: 614.58406pt x 795.3441pt.
File: rp.pdf Graphic file (type pdf)
<use rp.pdf, page 7>
Package pdftex.def Info: rp.pdf , page7 used on input line 138.
(pdftex.def)             Requested size: 614.58406pt x 795.3441pt.
File: rp.pdf Graphic file (type pdf)
<use rp.pdf, page 7>
Package pdftex.def Info: rp.pdf , page7 used on input line 138.
(pdftex.def)             Requested size: 614.58406pt x 795.3441pt.
 [21 <./rp.pdf>]
<rp.pdf, id=345, page=8, 614.295pt x 794.97pt>
File: rp.pdf Graphic file (type pdf)
<use rp.pdf, page 8>
Package pdftex.def Info: rp.pdf , page8 used on input line 138.
(pdftex.def)             Requested size: 614.58406pt x 795.3441pt.
File: rp.pdf Graphic file (type pdf)
<use rp.pdf, page 8>
Package pdftex.def Info: rp.pdf , page8 used on input line 138.
(pdftex.def)             Requested size: 614.58406pt x 795.3441pt.
File: rp.pdf Graphic file (type pdf)
<use rp.pdf, page 8>
Package pdftex.def Info: rp.pdf , page8 used on input line 138.
(pdftex.def)             Requested size: 614.58406pt x 795.3441pt.
 [22 <./rp.pdf>]
<rp.pdf, id=353, page=9, 614.295pt x 794.97pt>
File: rp.pdf Graphic file (type pdf)
<use rp.pdf, page 9>
Package pdftex.def Info: rp.pdf , page9 used on input line 138.
(pdftex.def)             Requested size: 614.58406pt x 795.3441pt.
File: rp.pdf Graphic file (type pdf)
<use rp.pdf, page 9>
Package pdftex.def Info: rp.pdf , page9 used on input line 138.
(pdftex.def)             Requested size: 614.58406pt x 795.3441pt.
File: rp.pdf Graphic file (type pdf)
<use rp.pdf, page 9>
Package pdftex.def Info: rp.pdf , page9 used on input line 138.
(pdftex.def)             Requested size: 614.58406pt x 795.3441pt.
 [23 <./rp.pdf>]
<rp.pdf, id=361, page=10, 614.295pt x 794.97pt>
File: rp.pdf Graphic file (type pdf)
<use rp.pdf, page 10>
Package pdftex.def Info: rp.pdf , page10 used on input line 138.
(pdftex.def)             Requested size: 614.58406pt x 795.3441pt.
File: rp.pdf Graphic file (type pdf)
<use rp.pdf, page 10>
Package pdftex.def Info: rp.pdf , page10 used on input line 138.
(pdftex.def)             Requested size: 614.58406pt x 795.3441pt.
File: rp.pdf Graphic file (type pdf)
<use rp.pdf, page 10>
Package pdftex.def Info: rp.pdf , page10 used on input line 138.
(pdftex.def)             Requested size: 614.58406pt x 795.3441pt.
[24 <./rp.pdf>]
<rp.pdf, id=367, page=11, 614.295pt x 794.97pt>
File: rp.pdf Graphic file (type pdf)
<use rp.pdf, page 11>
Package pdftex.def Info: rp.pdf , page11 used on input line 138.
(pdftex.def)             Requested size: 614.58406pt x 795.3441pt.
File: rp.pdf Graphic file (type pdf)
<use rp.pdf, page 11>
Package pdftex.def Info: rp.pdf , page11 used on input line 138.
(pdftex.def)             Requested size: 614.58406pt x 795.3441pt.
File: rp.pdf Graphic file (type pdf)
<use rp.pdf, page 11>
Package pdftex.def Info: rp.pdf , page11 used on input line 138.
(pdftex.def)             Requested size: 614.58406pt x 795.3441pt.
 [25 <./rp.pdf>]
<rp.pdf, id=372, page=12, 614.295pt x 794.97pt>
File: rp.pdf Graphic file (type pdf)
<use rp.pdf, page 12>
Package pdftex.def Info: rp.pdf , page12 used on input line 138.
(pdftex.def)             Requested size: 614.58406pt x 795.3441pt.
File: rp.pdf Graphic file (type pdf)
<use rp.pdf, page 12>
Package pdftex.def Info: rp.pdf , page12 used on input line 138.
(pdftex.def)             Requested size: 614.58406pt x 795.3441pt.
File: rp.pdf Graphic file (type pdf)
<use rp.pdf, page 12>
Package pdftex.def Info: rp.pdf , page12 used on input line 138.
(pdftex.def)             Requested size: 614.58406pt x 795.3441pt.
 [26 <./rp.pdf>]
<rp.pdf, id=377, page=13, 614.295pt x 794.97pt>
File: rp.pdf Graphic file (type pdf)
<use rp.pdf, page 13>
Package pdftex.def Info: rp.pdf , page13 used on input line 138.
(pdftex.def)             Requested size: 614.58406pt x 795.3441pt.
File: rp.pdf Graphic file (type pdf)
<use rp.pdf, page 13>
Package pdftex.def Info: rp.pdf , page13 used on input line 138.
(pdftex.def)             Requested size: 614.58406pt x 795.3441pt.
File: rp.pdf Graphic file (type pdf)
<use rp.pdf, page 13>
Package pdftex.def Info: rp.pdf , page13 used on input line 138.
(pdftex.def)             Requested size: 614.58406pt x 795.3441pt.
 [27 <./rp.pdf>]
<rp.pdf, id=389, page=14, 614.295pt x 794.97pt>
File: rp.pdf Graphic file (type pdf)
<use rp.pdf, page 14>
Package pdftex.def Info: rp.pdf , page14 used on input line 138.
(pdftex.def)             Requested size: 614.58406pt x 795.3441pt.
File: rp.pdf Graphic file (type pdf)
<use rp.pdf, page 14>
Package pdftex.def Info: rp.pdf , page14 used on input line 138.
(pdftex.def)             Requested size: 614.58406pt x 795.3441pt.
File: rp.pdf Graphic file (type pdf)
<use rp.pdf, page 14>
Package pdftex.def Info: rp.pdf , page14 used on input line 138.
(pdftex.def)             Requested size: 614.58406pt x 795.3441pt.
 [28 <./rp.pdf>]
<rp.pdf, id=394, page=15, 614.295pt x 794.97pt>
File: rp.pdf Graphic file (type pdf)
<use rp.pdf, page 15>
Package pdftex.def Info: rp.pdf , page15 used on input line 138.
(pdftex.def)             Requested size: 614.58406pt x 795.3441pt.
File: rp.pdf Graphic file (type pdf)
<use rp.pdf, page 15>
Package pdftex.def Info: rp.pdf , page15 used on input line 138.
(pdftex.def)             Requested size: 614.58406pt x 795.3441pt.
File: rp.pdf Graphic file (type pdf)
<use rp.pdf, page 15>
Package pdftex.def Info: rp.pdf , page15 used on input line 138.
(pdftex.def)             Requested size: 614.58406pt x 795.3441pt.
[29 <./rp.pdf>]
<rp.pdf, id=402, page=16, 614.295pt x 794.97pt>
File: rp.pdf Graphic file (type pdf)
<use rp.pdf, page 16>
Package pdftex.def Info: rp.pdf , page16 used on input line 138.
(pdftex.def)             Requested size: 614.58406pt x 795.3441pt.
File: rp.pdf Graphic file (type pdf)
<use rp.pdf, page 16>
Package pdftex.def Info: rp.pdf , page16 used on input line 138.
(pdftex.def)             Requested size: 614.58406pt x 795.3441pt.
File: rp.pdf Graphic file (type pdf)
<use rp.pdf, page 16>
Package pdftex.def Info: rp.pdf , page16 used on input line 138.
(pdftex.def)             Requested size: 614.58406pt x 795.3441pt.
 [30 <./rp.pdf>]
<rp.pdf, id=413, page=17, 614.295pt x 794.97pt>
File: rp.pdf Graphic file (type pdf)
<use rp.pdf, page 17>
Package pdftex.def Info: rp.pdf , page17 used on input line 138.
(pdftex.def)             Requested size: 614.58406pt x 795.3441pt.
File: rp.pdf Graphic file (type pdf)
<use rp.pdf, page 17>
Package pdftex.def Info: rp.pdf , page17 used on input line 138.
(pdftex.def)             Requested size: 614.58406pt x 795.3441pt.
File: rp.pdf Graphic file (type pdf)
<use rp.pdf, page 17>
Package pdftex.def Info: rp.pdf , page17 used on input line 138.
(pdftex.def)             Requested size: 614.58406pt x 795.3441pt.
 [31 <./rp.pdf>] (./MidThesis.bbl [32

])
Package atveryend Info: Empty hook `BeforeClearDocument' on input line 143.
 [33]
Package atveryend Info: Empty hook `AfterLastShipout' on input line 143.

(./MidThesis.aux)
Package atveryend Info: Executing hook `AtVeryEndDocument' on input line 143.
Package atveryend Info: Executing hook `AtEndAfterFileList' on input line 143.
Package rerunfilecheck Info: File `MidThesis.out' has not changed.
(rerunfilecheck)             Checksum: 97F6B975F5816E55397764E31E9E8F86;1571.
Package atveryend Info: Empty hook `AtVeryVeryEnd' on input line 143.
 ) 
Here is how much of TeX's memory you used:
 9772 strings out of 483183
 148430 string characters out of 5966291
 430347 words of memory out of 5000000
 24519 multiletter control sequences out of 15000+600000
 538957 words of font info for 50 fonts, out of 8000000 for 9000
 14 hyphenation exceptions out of 8191
 41i,18n,77p,991b,575s stack positions out of 5000i,500n,10000p,200000b,80000s
</usr/share/texlive/texmf-dist/fonts/type1/public/amsfonts/cm/cmbx10.pfb></us
r/share/texlive/texmf-dist/fonts/type1/public/amsfonts/cm/cmbx12.pfb></usr/shar
e/texlive/texmf-dist/fonts/type1/public/amsfonts/cm/cmr10.pfb></usr/share/texli
ve/texmf-dist/fonts/type1/public/amsfonts/cm/cmr12.pfb></usr/share/texlive/texm
f-dist/fonts/type1/public/amsfonts/cm/cmr17.pfb></usr/share/texlive/texmf-dist/
fonts/type1/public/amsfonts/cm/cmti10.pfb></usr/share/texlive/texmf-dist/fonts/
type1/public/amsfonts/cm/cmti12.pfb></usr/share/texlive/texmf-dist/fonts/type1/
public/amsfonts/cm/cmtt10.pfb></usr/share/texlive/texmf-dist/fonts/type1/public
/amsfonts/cm/cmtt12.pfb>
Output written on MidThesis.pdf (34 pages, 662877 bytes).
PDF statistics:
 471 PDF objects out of 1000 (max. 8388607)
 379 compressed objects within 4 object streams
 77 named destinations out of 1000 (max. 500000)
 308 words of extra memory for PDF output out of 10000 (max. 10000000)

