\BOOKMARK [0][-]{chapter*.2}{List of Figures}{}% 1
\BOOKMARK [0][-]{chapter*.3}{List of Tables}{}% 2
\BOOKMARK [0][-]{chapter*.4}{List of Abbreviations}{}% 3
\BOOKMARK [0][-]{chapter.1}{Introduction}{}% 4
\BOOKMARK [1][-]{section.1.1}{Background Of The Study}{chapter.1}% 5
\BOOKMARK [1][-]{section.1.2}{Aims And Objectives}{chapter.1}% 6
\BOOKMARK [1][-]{section.1.3}{Scope Of The Study}{chapter.1}% 7
\BOOKMARK [1][-]{section.1.4}{Significance Of The Study}{chapter.1}% 8
\BOOKMARK [1][-]{section.1.5}{Structure Of The Study}{chapter.1}% 9
\BOOKMARK [0][-]{chapter.2}{Literature Review}{}% 10
\BOOKMARK [1][-]{section.2.1}{Question Answering Using Neural Nets}{chapter.2}% 11
\BOOKMARK [1][-]{section.2.2}{Question Answering Using LSTMs}{chapter.2}% 12
\BOOKMARK [1][-]{section.2.3}{Question Answering Using Transformers}{chapter.2}% 13
\BOOKMARK [1][-]{section.2.4}{Comparison Of Techniques}{chapter.2}% 14
\BOOKMARK [1][-]{section.2.5}{Summary}{chapter.2}% 15
\BOOKMARK [0][-]{chapter.3}{Research Methodology}{}% 16
\BOOKMARK [1][-]{section.3.1}{Data Selection}{chapter.3}% 17
\BOOKMARK [1][-]{section.3.2}{Data Pre-processing And Transformation}{chapter.3}% 18
\BOOKMARK [1][-]{section.3.3}{Existing Models And Benchmarks}{chapter.3}% 19
\BOOKMARK [0][-]{chapter.4}{Architecture Creation}{}% 20
\BOOKMARK [1][-]{section.4.1}{Drawbacks Of Current Architectures}{chapter.4}% 21
\BOOKMARK [1][-]{section.4.2}{Proposed Architecture Improvements}{chapter.4}% 22
\BOOKMARK [1][-]{section.4.3}{Architecture Refinement}{chapter.4}% 23
\BOOKMARK [0][-]{section*.5}{Appendices}{}% 24
\BOOKMARK [0][-]{appendix*.6}{Bibliography}{}% 25
