\BOOKMARK [0][-]{chapter*.2}{\376\377\000L\000i\000s\000t\000\040\000o\000f\000\040\000F\000i\000g\000u\000r\000e\000s}{}% 1
\BOOKMARK [0][-]{chapter*.3}{\376\377\000L\000i\000s\000t\000\040\000o\000f\000\040\000T\000a\000b\000l\000e\000s}{}% 2
\BOOKMARK [0][-]{chapter*.4}{\376\377\000L\000i\000s\000t\000\040\000o\000f\000\040\000A\000b\000b\000r\000e\000v\000i\000a\000t\000i\000o\000n\000s}{}% 3
\BOOKMARK [0][-]{chapter.1}{\376\377\000=\000I\000n\000t\000r\000o\000d\000u\000c\000t\000i\000o\000n}{}% 4
\BOOKMARK [1][-]{section.1.1}{\376\377\000B\000a\000c\000k\000g\000r\000o\000u\000n\000d\000\040\000O\000f\000\040\000T\000h\000e\000\040\000S\000t\000u\000d\000y}{chapter.1}% 5
\BOOKMARK [1][-]{section.1.2}{\376\377\000A\000i\000m\000s\000\040\000A\000n\000d\000\040\000O\000b\000j\000e\000c\000t\000i\000v\000e\000s}{chapter.1}% 6
\BOOKMARK [1][-]{section.1.3}{\376\377\000S\000c\000o\000p\000e\000\040\000O\000f\000\040\000T\000h\000e\000\040\000S\000t\000u\000d\000y}{chapter.1}% 7
\BOOKMARK [1][-]{section.1.4}{\376\377\000S\000i\000g\000n\000i\000f\000i\000c\000a\000n\000c\000e\000\040\000O\000f\000\040\000T\000h\000e\000\040\000S\000t\000u\000d\000y}{chapter.1}% 8
\BOOKMARK [1][-]{section.1.5}{\376\377\000S\000t\000r\000u\000c\000t\000u\000r\000e\000\040\000O\000f\000\040\000T\000h\000e\000\040\000S\000t\000u\000d\000y}{chapter.1}% 9
\BOOKMARK [0][-]{chapter.2}{\376\377\000=\000L\000i\000t\000e\000r\000a\000t\000u\000r\000e\000\040\000R\000e\000v\000i\000e\000w}{}% 10
\BOOKMARK [1][-]{section.2.1}{\376\377\000L\000o\000n\000g\000\040\000S\000h\000o\000r\000t\000-\000T\000e\000r\000m\000\040\000M\000e\000m\000o\000r\000y}{chapter.2}% 11
\BOOKMARK [2][-]{subsection.2.1.1}{\376\377\000B\000i\000L\000S\000T\000M\000s}{section.2.1}% 12
\BOOKMARK [2][-]{subsection.2.1.2}{\376\377\000L\000S\000T\000M\000\040\000A\000n\000d\000\040\000Q\000u\000e\000s\000t\000i\000o\000n\000\040\000A\000n\000s\000w\000e\000r\000i\000n\000g}{section.2.1}% 13
\BOOKMARK [1][-]{section.2.2}{\376\377\000T\000r\000a\000n\000s\000f\000o\000r\000m\000e\000r\000s}{chapter.2}% 14
\BOOKMARK [2][-]{subsection.2.2.1}{\376\377\000S\000e\000l\000f\000\040\000A\000t\000t\000e\000n\000t\000i\000o\000n}{section.2.2}% 15
\BOOKMARK [2][-]{subsection.2.2.2}{\376\377\000I\000m\000p\000r\000o\000v\000e\000m\000e\000n\000t\000s\000\040\000o\000f\000\040\000T\000r\000a\000n\000s\000f\000o\000r\000m\000e\000r\000\040\000A\000r\000c\000h\000i\000t\000e\000c\000t\000u\000r\000e\000s}{section.2.2}% 16
\BOOKMARK [1][-]{section.2.3}{\376\377\000S\000Q\000u\000A\000D\000\040\000D\000a\000t\000a\000s\000e\000t}{chapter.2}% 17
\BOOKMARK [1][-]{section.2.4}{\376\377\000C\000o\000m\000p\000a\000r\000i\000s\000o\000n\000\040\000o\000f\000\040\000T\000e\000c\000h\000n\000i\000q\000u\000e\000s}{chapter.2}% 18
\BOOKMARK [1][-]{section.2.5}{\376\377\000S\000u\000m\000m\000a\000r\000y}{chapter.2}% 19
\BOOKMARK [0][-]{chapter.3}{\376\377\000=\000R\000e\000s\000e\000a\000r\000c\000h\000\040\000M\000e\000t\000h\000o\000d\000o\000l\000o\000g\000y}{}% 20
\BOOKMARK [1][-]{section.3.1}{\376\377\000D\000a\000t\000a\000\040\000S\000e\000l\000e\000c\000t\000i\000o\000n}{chapter.3}% 21
\BOOKMARK [1][-]{section.3.2}{\376\377\000D\000a\000t\000a\000\040\000P\000r\000e\000-\000p\000r\000o\000c\000e\000s\000s\000i\000n\000g\000\040\000A\000n\000d\000\040\000T\000r\000a\000n\000s\000f\000o\000r\000m\000a\000t\000i\000o\000n}{chapter.3}% 22
\BOOKMARK [1][-]{section.3.3}{\376\377\000R\000e\000s\000e\000a\000r\000c\000h\000\040\000H\000y\000p\000o\000t\000h\000e\000s\000i\000s}{chapter.3}% 23
\BOOKMARK [1][-]{section.3.4}{\376\377\000E\000x\000i\000s\000t\000i\000n\000g\000\040\000M\000o\000d\000e\000l\000s\000\040\000A\000n\000d\000\040\000B\000e\000n\000c\000h\000m\000a\000r\000k\000s}{chapter.3}% 24
\BOOKMARK [0][-]{section*.19}{\376\377\000A\000p\000p\000e\000n\000d\000i\000c\000e\000s}{}% 25
\BOOKMARK [0][-]{appendix.1.A}{\376\377\000A\000p\000p\000e\000n\000d\000i\000x\000\040\000G\000a\000n\000t\000t\000\040\000C\000h\000a\000r\000t}{}% 26
\BOOKMARK [0][-]{appendix.1.B}{\376\377\000A\000p\000p\000e\000n\000d\000i\000x\000\040\000R\000e\000s\000e\000a\000r\000c\000h\000\040\000P\000r\000o\000p\000o\000s\000a\000l}{}% 27
\BOOKMARK [0][-]{appendix*.22}{\376\377\000A\000p\000p\000e\000n\000d\000i\000x\000\040\000L\000i\000s\000t\000\040\000o\000f\000\040\000F\000i\000g\000u\000r\000e\000s}{}% 28
\BOOKMARK [1][-]{section.1.B.1}{\376\377\000I\000n\000t\000r\000o\000d\000u\000c\000t\000i\000o\000n}{appendix*.22}% 29
\BOOKMARK [1][-]{section.1.B.2}{\376\377\000B\000a\000c\000k\000g\000r\000o\000u\000n\000d\000\040\000a\000n\000d\000\040\000R\000e\000l\000a\000t\000e\000d\000\040\000R\000e\000s\000e\000a\000r\000c\000h}{appendix*.22}% 30
\BOOKMARK [2][-]{subsection.1.B.2.1}{\376\377\000B\000a\000c\000k\000g\000r\000o\000u\000n\000d}{section.1.B.2}% 31
\BOOKMARK [2][-]{subsection.1.B.2.2}{\376\377\000R\000e\000l\000a\000t\000e\000d\000\040\000R\000e\000s\000e\000a\000r\000c\000h}{section.1.B.2}% 32
\BOOKMARK [1][-]{section.1.B.3}{\376\377\000A\000i\000m\000s\000\040\000a\000n\000d\000\040\000O\000b\000j\000e\000c\000t\000i\000v\000e\000s}{appendix*.22}% 33
\BOOKMARK [1][-]{section.1.B.4}{\376\377\000R\000e\000s\000e\000a\000r\000c\000h\000\040\000M\000e\000t\000h\000o\000d\000o\000l\000o\000g\000y}{appendix*.22}% 34
\BOOKMARK [2][-]{subsection.1.B.4.1}{\376\377\000R\000e\000s\000e\000a\000r\000c\000h\000\040\000D\000a\000t\000a\000s\000e\000t}{section.1.B.4}% 35
\BOOKMARK [2][-]{subsection.1.B.4.2}{\376\377\000R\000e\000s\000e\000a\000r\000c\000h\000\040\000B\000e\000n\000c\000h\000m\000a\000r\000k\000s}{section.1.B.4}% 36
\BOOKMARK [2][-]{subsection.1.B.4.3}{\376\377\000A\000r\000c\000h\000i\000t\000e\000c\000t\000u\000r\000e\000\040\000C\000r\000e\000a\000t\000i\000o\000n}{section.1.B.4}% 37
\BOOKMARK [2][-]{subsection.1.B.4.4}{\376\377\000A\000r\000c\000h\000i\000t\000e\000c\000t\000u\000r\000e\000\040\000R\000e\000f\000i\000n\000e\000m\000e\000n\000t}{section.1.B.4}% 38
\BOOKMARK [2][-]{subsection.1.B.4.5}{\376\377\000M\000o\000d\000e\000l\000\040\000E\000v\000a\000l\000u\000a\000t\000i\000o\000n}{section.1.B.4}% 39
\BOOKMARK [1][-]{section.1.B.5}{\376\377\000E\000x\000p\000e\000c\000t\000e\000d\000\040\000O\000u\000t\000c\000o\000m\000e\000s}{appendix*.22}% 40
\BOOKMARK [1][-]{section.1.B.6}{\376\377\000R\000e\000q\000u\000i\000r\000e\000m\000e\000n\000t\000s\000\040\000a\000n\000d\000\040\000R\000e\000s\000o\000u\000r\000c\000e\000s}{appendix*.22}% 41
\BOOKMARK [1][-]{section.1.B.7}{\376\377\000R\000e\000s\000e\000a\000r\000c\000h\000\040\000P\000l\000a\000n}{appendix*.22}% 42
\BOOKMARK [0][-]{appendix*.26}{\376\377\000R\000e\000f\000e\000r\000e\000n\000c\000e\000s}{}% 43
