This is pdfTeX, Version 3.141592653-2.6-1.40.22 (MiKTeX 21.6) (preloaded format=pdflatex 2021.6.14)  14 JUN 2021 17:52
entering extended mode
**./MidThesis.tex
(MidThesis.tex
LaTeX2e <2021-06-01>
L3 programming layer <2021-06-01> (E:\MikText\tex/latex/base\report.cls
Document Class: report 2021/02/12 v1.4n Standard LaTeX document class
(E:\MikText\tex/latex/base\size12.clo
File: size12.clo 2021/02/12 v1.4n Standard LaTeX file (size option)
)
\c@part=\count182
\c@chapter=\count183
\c@section=\count184
\c@subsection=\count185
\c@subsubsection=\count186
\c@paragraph=\count187
\c@subparagraph=\count188
\c@figure=\count189
\c@table=\count190
\abovecaptionskip=\skip47
\belowcaptionskip=\skip48
\bibindent=\dimen138
) (E:\MikText\tex/latex/natbib\natbib.sty
Package: natbib 2010/09/13 8.31b (PWD, AO)
\bibhang=\skip49
\bibsep=\skip50
LaTeX Info: Redefining \cite on input line 694.
\c@NAT@ctr=\count191
) (E:\MikText\tex/latex/base\inputenc.sty
Package: inputenc 2021/02/14 v1.3d Input encoding file
\inpenc@prehook=\toks16
\inpenc@posthook=\toks17
)
(E:\MikText\tex/latex/graphics\epsfig.sty
Package: epsfig 2017/06/25 v1.7b (e)psfig emulation (SPQR)

(E:\MikText\tex/latex/graphics\graphicx.sty
Package: graphicx 2020/12/05 v1.2c Enhanced LaTeX Graphics (DPC,SPQR)

(E:\MikText\tex/latex/graphics\keyval.sty
Package: keyval 2014/10/28 v1.15 key=value parser (DPC)
\KV@toks@=\toks18
)
(E:\MikText\tex/latex/graphics\graphics.sty
Package: graphics 2021/03/04 v1.4d Standard LaTeX Graphics (DPC,SPQR)

(E:\MikText\tex/latex/graphics\trig.sty
Package: trig 2016/01/03 v1.10 sin cos tan (DPC)
)
(E:\MikText\tex/latex/graphics-cfg\graphics.cfg
File: graphics.cfg 2016/06/04 v1.11 sample graphics configuration
)
Package graphics Info: Driver file: pdftex.def on input line 107.

(E:\MikText\tex/latex/graphics-def\pdftex.def
File: pdftex.def 2020/10/05 v1.2a Graphics/color driver for pdftex
))
\Gin@req@height=\dimen139
\Gin@req@width=\dimen140
)
\epsfxsize=\dimen141
\epsfysize=\dimen142
)
(E:\MikText\tex/latex/base\latexsym.sty
Package: latexsym 1998/08/17 v2.2e Standard LaTeX package (lasy symbols)
\symlasy=\mathgroup4
LaTeX Font Info:    Overwriting symbol font `lasy' in version `bold'
(Font)                  U/lasy/m/n --> U/lasy/b/n on input line 52.
)
(E:\MikText\tex/latex/hyperref\hyperref.sty
Package: hyperref 2021-06-07 v7.00m Hypertext links for LaTeX

(E:\MikText\tex/generic/ltxcmds\ltxcmds.sty
Package: ltxcmds 2020-05-10 v1.25 LaTeX kernel commands for general use (HO)
)
(E:\MikText\tex/generic/iftex\iftex.sty
Package: iftex 2020/03/06 v1.0d TeX engine tests
)
(E:\MikText\tex/generic/pdftexcmds\pdftexcmds.sty
Package: pdftexcmds 2020-06-27 v0.33 Utility functions of pdfTeX for LuaTeX (HO
)

(E:\MikText\tex/generic/infwarerr\infwarerr.sty
Package: infwarerr 2019/12/03 v1.5 Providing info/warning/error messages (HO)
)
Package pdftexcmds Info: \pdf@primitive is available.
Package pdftexcmds Info: \pdf@ifprimitive is available.
Package pdftexcmds Info: \pdfdraftmode found.
)
(E:\MikText\tex/generic/kvsetkeys\kvsetkeys.sty
Package: kvsetkeys 2019/12/15 v1.18 Key value parser (HO)
)
(E:\MikText\tex/generic/kvdefinekeys\kvdefinekeys.sty
Package: kvdefinekeys 2019-12-19 v1.6 Define keys (HO)
)
(E:\MikText\tex/generic/pdfescape\pdfescape.sty
Package: pdfescape 2019/12/09 v1.15 Implements pdfTeX's escape features (HO)
)
(E:\MikText\tex/latex/hycolor\hycolor.sty
Package: hycolor 2020-01-27 v1.10 Color options for hyperref/bookmark (HO)
)
(E:\MikText\tex/latex/letltxmacro\letltxmacro.sty
Package: letltxmacro 2019/12/03 v1.6 Let assignment for LaTeX macros (HO)
)
(E:\MikText\tex/latex/auxhook\auxhook.sty
Package: auxhook 2019-12-17 v1.6 Hooks for auxiliary files (HO)
)
(E:\MikText\tex/latex/kvoptions\kvoptions.sty
Package: kvoptions 2020-10-07 v3.14 Key value format for package options (HO)
)
\@linkdim=\dimen143
\Hy@linkcounter=\count192
\Hy@pagecounter=\count193

(E:\MikText\tex/latex/hyperref\pd1enc.def
File: pd1enc.def 2021-06-07 v7.00m Hyperref: PDFDocEncoding definition (HO)
Now handling font encoding PD1 ...
... no UTF-8 mapping file for font encoding PD1
)
(E:\MikText\tex/latex/hyperref\hyperref-langpatches.def
File: hyperref-langpatches.def 2021-06-07 v7.00m Hyperref: patches for babel la
nguages
)
(E:\MikText\tex/generic/intcalc\intcalc.sty
Package: intcalc 2019/12/15 v1.3 Expandable calculations with integers (HO)
)
(E:\MikText\tex/generic/etexcmds\etexcmds.sty
Package: etexcmds 2019/12/15 v1.7 Avoid name clashes with e-TeX commands (HO)
)
\Hy@SavedSpaceFactor=\count194

(E:\MikText\tex/latex/hyperref\puenc.def
File: puenc.def 2021-06-07 v7.00m Hyperref: PDF Unicode definition (HO)
Now handling font encoding PU ...
... no UTF-8 mapping file for font encoding PU
)
Package hyperref Info: Hyper figures OFF on input line 4192.
Package hyperref Info: Link nesting OFF on input line 4197.
Package hyperref Info: Hyper index ON on input line 4200.
Package hyperref Info: Plain pages OFF on input line 4207.
Package hyperref Info: Backreferencing OFF on input line 4212.
Package hyperref Info: Implicit mode ON; LaTeX internals redefined.
Package hyperref Info: Bookmarks ON on input line 4445.
\c@Hy@tempcnt=\count195
 (E:\MikText\tex/latex/url\url.sty
\Urlmuskip=\muskip16
Package: url 2013/09/16  ver 3.4  Verb mode for urls, etc.
)
LaTeX Info: Redefining \url on input line 4804.
\XeTeXLinkMargin=\dimen144

(E:\MikText\tex/generic/bitset\bitset.sty
Package: bitset 2019/12/09 v1.3 Handle bit-vector datatype (HO)

(E:\MikText\tex/generic/bigintcalc\bigintcalc.sty
Package: bigintcalc 2019/12/15 v1.5 Expandable calculations on big integers (HO
)
))
\Fld@menulength=\count196
\Field@Width=\dimen145
\Fld@charsize=\dimen146
Package hyperref Info: Hyper figures OFF on input line 6076.
Package hyperref Info: Link nesting OFF on input line 6081.
Package hyperref Info: Hyper index ON on input line 6084.
Package hyperref Info: backreferencing OFF on input line 6091.
Package hyperref Info: Link coloring OFF on input line 6096.
Package hyperref Info: Link coloring with OCG OFF on input line 6101.
Package hyperref Info: PDF/A mode OFF on input line 6106.
LaTeX Info: Redefining \ref on input line 6146.
LaTeX Info: Redefining \pageref on input line 6150.

(E:\MikText\tex/latex/base\atbegshi-ltx.sty
Package: atbegshi-ltx 2021/01/10 v1.0c Emulation of the original atbegshi
package with kernel methods
)
\Hy@abspage=\count197
\c@Item=\count198
\c@Hfootnote=\count199
)
Package hyperref Info: Driver (autodetected): hpdftex.

(E:\MikText\tex/latex/hyperref\hpdftex.def
File: hpdftex.def 2021-06-07 v7.00m Hyperref driver for pdfTeX

(E:\MikText\tex/latex/base\atveryend-ltx.sty
Package: atveryend-ltx 2020/08/19 v1.0a Emulation of the original atvery packag
e
with kernel methods
)
\Fld@listcount=\count266
\c@bookmark@seq@number=\count267

(E:\MikText\tex/latex/rerunfilecheck\rerunfilecheck.sty
Package: rerunfilecheck 2019/12/05 v1.9 Rerun checks for auxiliary files (HO)

(E:\MikText\tex/generic/uniquecounter\uniquecounter.sty
Package: uniquecounter 2019/12/15 v1.4 Provide unlimited unique counter (HO)
)
Package uniquecounter Info: New unique counter `rerunfilecheck' on input line 2
86.
)
\Hy@SectionHShift=\skip51
)
(E:\MikText\tex/latex/amsfonts\amssymb.sty
Package: amssymb 2013/01/14 v3.01 AMS font symbols

(E:\MikText\tex/latex/amsfonts\amsfonts.sty
Package: amsfonts 2013/01/14 v3.01 Basic AMSFonts support
\@emptytoks=\toks19
\symAMSa=\mathgroup5
\symAMSb=\mathgroup6
LaTeX Font Info:    Redeclaring math symbol \hbar on input line 98.
LaTeX Font Info:    Overwriting math alphabet `\mathfrak' in version `bold'
(Font)                  U/euf/m/n --> U/euf/b/n on input line 106.
))
(E:\MikText\tex/latex/caption\caption.sty
Package: caption 2020/10/26 v3.5g Customizing captions (AR)

(E:\MikText\tex/latex/caption\caption3.sty
Package: caption3 2020/10/21 v2.2e caption3 kernel (AR)
\captionmargin=\dimen147
\captionmargin@=\dimen148
\captionwidth=\dimen149
\caption@tempdima=\dimen150
\caption@indent=\dimen151
\caption@parindent=\dimen152
\caption@hangindent=\dimen153
Package caption Info: Standard document class detected.
)
\c@caption@flags=\count268
\c@continuedfloat=\count269
Package caption Info: hyperref package is loaded.
)
(E:\MikText\tex/latex/titlesec\titlesec.sty
Package: titlesec 2019/10/16 v2.13 Sectioning titles
\ttl@box=\box50
\beforetitleunit=\skip52
\aftertitleunit=\skip53
\ttl@plus=\dimen154
\ttl@minus=\dimen155
\ttl@toksa=\toks20
\titlewidth=\dimen156
\titlewidthlast=\dimen157
\titlewidthfirst=\dimen158
)
(E:\MikText\tex/latex/tocbibind\tocbibind.sty
Package: tocbibind 2010/10/13 v1.5k extra ToC listings
Package tocbibind Info: The document has chapter divisions on input line 50.


Package tocbibind Note: Using chapter style headings, unless overridden.

) (E:\MikText\tex/latex/nomencl\nomencl.sty
Package: nomencl 2020/12/29 v5.5 Nomenclature package

(E:\MikText\tex/latex/xkeyval\xkeyval.sty
Package: xkeyval 2020/11/20 v2.8 package option processing (HA)

(E:\MikText\tex/generic/xkeyval\xkeyval.tex
(E:\MikText\tex/generic/xkeyval\xkvutils.tex
\XKV@toks=\toks21
\XKV@tempa@toks=\toks22
)
\XKV@depth=\count270
File: xkeyval.tex 2014/12/03 v2.7a key=value parser (HA)
))
(E:\MikText\tex/latex/base\ifthen.sty
Package: ifthen 2020/11/24 v1.1c Standard LaTeX ifthen package (DPC)
)
(E:\MikText\tex/latex/koma-script\tocbasic.sty
Package: tocbasic 2021/03/17 v3.33 KOMA-Script package (handling toc-files)

(E:\MikText\tex/latex/koma-script\scrbase.sty
Package: scrbase 2021/03/17 v3.33 KOMA-Script package (KOMA-Script-independent 
basics and keyval usage)

(E:\MikText\tex/latex/koma-script\scrlfile.sty
Package: scrlfile 2021/03/17 v3.33 KOMA-Script package (file load hooks)

(E:\MikText\tex/latex/koma-script\scrlfile-hook.sty
Package: scrlfile-hook 2021/03/17 v3.33 KOMA-Script package (using LaTeX hooks)


(E:\MikText\tex/latex/koma-script\scrlogo.sty
Package: scrlogo 2021/03/17 v3.33 KOMA-Script package (logo)
)))
Applying: [2021/05/01] Usage of raw option list on input line 252.
Already applied: [0000/00/00] compatibility for LaTeX before 2021/05/01 on inpu
t line 337.
)
\scr@dte@tocline@numberwidth=\skip54
\scr@dte@tocline@numbox=\box51
)
Package tocbasic Info: babel extension for `nlo' omitted
(tocbasic)             because of missing \bbl@set@language on input line 187.
Package tocbasic Info: babel extension for `nls' omitted
(tocbasic)             because of missing \bbl@set@language on input line 188.
\nomlabelwidth=\dimen159
\nom@tempdim=\dimen160
\nomitemsep=\skip55
)
\@nomenclaturefile=\write3
\openout3 = `MidThesis.nlo'.

Package nomencl Info: Writing nomenclature file MidThesis.nlo on input line 30.


(E:\MikText\tex/latex/mathtools\mathtools.sty
Package: mathtools 2021/04/12 v1.27 mathematical typesetting tools

(E:\MikText\tex/latex/tools\calc.sty
Package: calc 2017/05/25 v4.3 Infix arithmetic (KKT,FJ)
\calc@Acount=\count271
\calc@Bcount=\count272
\calc@Adimen=\dimen161
\calc@Bdimen=\dimen162
\calc@Askip=\skip56
\calc@Bskip=\skip57
LaTeX Info: Redefining \setlength on input line 80.
LaTeX Info: Redefining \addtolength on input line 81.
\calc@Ccount=\count273
\calc@Cskip=\skip58
)
(E:\MikText\tex/latex/mathtools\mhsetup.sty
Package: mhsetup 2021/03/18 v1.4 programming setup (MH)
)
(E:\MikText\tex/latex/amsmath\amsmath.sty
Package: amsmath 2021/04/20 v2.17j AMS math features
\@mathmargin=\skip59

For additional information on amsmath, use the `?' option.
(E:\MikText\tex/latex/amsmath\amstext.sty
Package: amstext 2000/06/29 v2.01 AMS text

(E:\MikText\tex/latex/amsmath\amsgen.sty
File: amsgen.sty 1999/11/30 v2.0 generic functions
\@emptytoks=\toks23
\ex@=\dimen163
))
(E:\MikText\tex/latex/amsmath\amsbsy.sty
Package: amsbsy 1999/11/29 v1.2d Bold Symbols
\pmbraise@=\dimen164
)
(E:\MikText\tex/latex/amsmath\amsopn.sty
Package: amsopn 2016/03/08 v2.02 operator names
)
\inf@bad=\count274
LaTeX Info: Redefining \frac on input line 234.
\uproot@=\count275
\leftroot@=\count276
LaTeX Info: Redefining \overline on input line 399.
\classnum@=\count277
\DOTSCASE@=\count278
LaTeX Info: Redefining \ldots on input line 496.
LaTeX Info: Redefining \dots on input line 499.
LaTeX Info: Redefining \cdots on input line 620.
\Mathstrutbox@=\box52
\strutbox@=\box53
\big@size=\dimen165
LaTeX Font Info:    Redeclaring font encoding OML on input line 743.
LaTeX Font Info:    Redeclaring font encoding OMS on input line 744.
\macc@depth=\count279
\c@MaxMatrixCols=\count280
\dotsspace@=\muskip17
\c@parentequation=\count281
\dspbrk@lvl=\count282
\tag@help=\toks24
\row@=\count283
\column@=\count284
\maxfields@=\count285
\andhelp@=\toks25
\eqnshift@=\dimen166
\alignsep@=\dimen167
\tagshift@=\dimen168
\tagwidth@=\dimen169
\totwidth@=\dimen170
\lineht@=\dimen171
\@envbody=\toks26
\multlinegap=\skip60
\multlinetaggap=\skip61
\mathdisplay@stack=\toks27
LaTeX Info: Redefining \[ on input line 2923.
LaTeX Info: Redefining \] on input line 2924.
)
LaTeX Info: Thecontrolsequence`\('isalreadyrobust on input line 130.
LaTeX Info: Thecontrolsequence`\)'isalreadyrobust on input line 130.
LaTeX Info: Thecontrolsequence`\['isalreadyrobust on input line 130.
LaTeX Info: Thecontrolsequence`\]'isalreadyrobust on input line 130.
\g_MT_multlinerow_int=\count286
\l_MT_multwidth_dim=\dimen172
\origjot=\skip62
\l_MT_shortvdotswithinadjustabove_dim=\dimen173
\l_MT_shortvdotswithinadjustbelow_dim=\dimen174
\l_MT_above_intertext_sep=\dimen175
\l_MT_below_intertext_sep=\dimen176
\l_MT_above_shortintertext_sep=\dimen177
\l_MT_below_shortintertext_sep=\dimen178
\xmathstrut@box=\box54
\xmathstrut@dim=\dimen179
)
(E:\MikText\tex/latex/appendix\appendix.sty
Package: appendix 2020/02/08 v1.2c extra appendix facilities
\c@@pps=\count287
\c@@ppsavesec=\count288
\c@@ppsaveapp=\count289
)
(E:\MikText\tex/latex/datetime\datetime.sty
Package: datetime 2015/03/20 v2.60 Date Time Package

(E:\MikText\tex/latex/etoolbox\etoolbox.sty
Package: etoolbox 2020/10/05 v2.5k e-TeX tools for LaTeX (JAW)
\etb@tempcnta=\count290
)
(E:\MikText\tex/latex/fmtcount\fmtcount.sty
Package: fmtcount 2020/01/30 v3.07

(E:\MikText\tex/latex/fmtcount\fcprefix.sty
Package: fcprefix 2012/09/28

(E:\MikText\tex/latex/fmtcount\fcnumparser.sty
Package: fcnumparser 2017/06/15
\fc@digit@counter=\count291
))
\c@padzeroesN=\count292
\fc@tmpcatcode=\count293
\@DT@modctr=\count294
\@ordinalctr=\count295
\@orgargctr=\count296
\@strctr=\count297
\@tmpstrctr=\count298
\@DT@loopN=\count299
\@DT@X=\count300
)
(E:\MikText\tex/latex/datetime\datetime-defaults.sty
Package: datetime-defaults 2013/09/10
)
\@day=\count301
\@month=\count302
\@year=\count303
\c@HOUR=\count304
\c@HOURXII=\count305
\c@MINUTE=\count306
\c@TOHOUR=\count307
\c@TOMINUTE=\count308
\c@SECOND=\count309
\currenthour=\count310
\currentminute=\count311
\currentsecond=\count312
Package datetime Info: No datetime.cfg file found, using default settings on in
put line 308.
\@dtctr=\count313
\dayofyear=\count314
\dayofweek=\count315
LaTeX Info: Redefining \today on input line 736.
\dt@a=\toks28
\dt@b=\toks29
)
(E:\MikText\tex/latex/l3backend\l3backend-pdftex.def
File: l3backend-pdftex.def 2021-05-07 L3 backend support: PDF output (pdfTeX)
\l__color_backend_stack_int=\count316
\l__pdf_internal_box=\box55
) (MidThesis.aux)
\openout1 = `MidThesis.aux'.

LaTeX Font Info:    Checking defaults for OML/cmm/m/it on input line 45.
LaTeX Font Info:    ... okay on input line 45.
LaTeX Font Info:    Checking defaults for OMS/cmsy/m/n on input line 45.
LaTeX Font Info:    ... okay on input line 45.
LaTeX Font Info:    Checking defaults for OT1/cmr/m/n on input line 45.
LaTeX Font Info:    ... okay on input line 45.
LaTeX Font Info:    Checking defaults for T1/cmr/m/n on input line 45.
LaTeX Font Info:    ... okay on input line 45.
LaTeX Font Info:    Checking defaults for TS1/cmr/m/n on input line 45.
LaTeX Font Info:    ... okay on input line 45.
LaTeX Font Info:    Checking defaults for OMX/cmex/m/n on input line 45.
LaTeX Font Info:    ... okay on input line 45.
LaTeX Font Info:    Checking defaults for U/cmr/m/n on input line 45.
LaTeX Font Info:    ... okay on input line 45.
LaTeX Font Info:    Checking defaults for PD1/pdf/m/n on input line 45.
LaTeX Font Info:    ... okay on input line 45.
LaTeX Font Info:    Checking defaults for PU/pdf/m/n on input line 45.
LaTeX Font Info:    ... okay on input line 45.

(E:\MikText\tex/context/base/mkii\supp-pdf.mkii
[Loading MPS to PDF converter (version 2006.09.02).]
\scratchcounter=\count317
\scratchdimen=\dimen180
\scratchbox=\box56
\nofMPsegments=\count318
\nofMParguments=\count319
\everyMPshowfont=\toks30
\MPscratchCnt=\count320
\MPscratchDim=\dimen181
\MPnumerator=\count321
\makeMPintoPDFobject=\count322
\everyMPtoPDFconversion=\toks31
) (E:\MikText\tex/latex/epstopdf-pkg\epstopdf-base.sty
Package: epstopdf-base 2020-01-24 v2.11 Base part for package epstopdf
Package epstopdf-base Info: Redefining graphics rule for `.eps' on input line 4
85.

(E:\MikText\tex/latex/00miktex\epstopdf-sys.cfg
File: epstopdf-sys.cfg 2021/03/18 v2.0 Configuration of epstopdf for MiKTeX
))
Package hyperref Info: Link coloring OFF on input line 45.

(E:\MikText\tex/latex/hyperref\nameref.sty
Package: nameref 2021-04-02 v2.47 Cross-referencing by name of section

(E:\MikText\tex/latex/refcount\refcount.sty
Package: refcount 2019/12/15 v3.6 Data extraction from label references (HO)
)
(E:\MikText\tex/generic/gettitlestring\gettitlestring.sty
Package: gettitlestring 2019/12/15 v1.6 Cleanup title references (HO)
)
\c@section@level=\count323
)
LaTeX Info: Redefining \ref on input line 45.
LaTeX Info: Redefining \pageref on input line 45.
LaTeX Info: Redefining \nameref on input line 45.
 (MidThesis.out)
(MidThesis.out)
\@outlinefile=\write4
\openout4 = `MidThesis.out'.

Package caption Info: Begin \AtBeginDocument code.
Package caption Info: End \AtBeginDocument code.
 (E:\MikText\tex/latex/fmtcount\fc-english.def
File: fc-english.def 2016/01/12
)
LaTeX Font Info:    Trying to load font information for U+lasy on input line 54
.

(E:\MikText\tex/latex/base\ulasy.fd
File: ulasy.fd 1998/08/17 v2.2e LaTeX symbol font definitions
)
LaTeX Font Info:    Trying to load font information for U+msa on input line 54.

 (E:\MikText\tex/latex/amsfonts\umsa.fd
File: umsa.fd 2013/01/14 v3.01 AMS symbols A
)
LaTeX Font Info:    Trying to load font information for U+msb on input line 54.


(E:\MikText\tex/latex/amsfonts\umsb.fd
File: umsb.fd 2013/01/14 v3.01 AMS symbols B
) [1

{C:/Users/nirbh/AppData/Local/MiKTeX/pdftex/config/pdftex.map}] (MidThesis.tocp
dfTeX warning (ext4): destination with the same identifier (name{page.1}) has b
een already used, duplicate ignored
<to be read again> 
                   \relax 
l.32 ...mberline {A}Gantt Chart}{26}{appendix.1.A}
                                                  % [1

])
\tf@toc=\write5
\openout5 = `MidThesis.toc'.

 [2] (MidThesis.lof
Overfull \hbox (3.37119pt too wide) in paragraph at lines 6--6
 [][] [][]\OT1/cmr/m/n/12 Basic QA-LSTM model de-pict-ing biL-STM im-ple-men-ta
-tion []Tan 
 []

)
\tf@lof=\write6
\openout6 = `MidThesis.lof'.

 [3

] [4] (MidThesis.lot
Overfull \hbox (11.08015pt too wide) in paragraph at lines 5--5
 \OT1/cmr/m/n/12 light var-i-ous con-fig-u-ra-tions im-ple-mented. The best be-
ing Match- 
 []

)
\tf@lot=\write7
\openout7 = `MidThesis.lot'.

 (nomenclature.tex) (MidThesis.nls [5

]) [6

]pdfTeX warning (ext4): destination with the same identifier (name{page.1}) has
 been already used, duplicate ignored
<to be read again> 
                   \relax 
l.66 	\end{abstract}
                     [1]
Chapter 1.

Package hyperref Warning: Token not allowed in a PDF string (Unicode):
(hyperref)                removing `\<let>-command' on input line 68.


Package hyperref Warning: Token not allowed in a PDF string (Unicode):
(hyperref)                removing `\\' on input line 68.


Package hyperref Warning: Token not allowed in a PDF string (Unicode):
(hyperref)                removing `\@centercr' on input line 68.


Package hyperref Warning: Token not allowed in a PDF string (Unicode):
(hyperref)                removing `\rightskip' on input line 68.


Package hyperref Warning: Token not allowed in a PDF string (Unicode):
(hyperref)                removing `\@flushglue' on input line 68.


Package hyperref Warning: Token not allowed in a PDF string (Unicode):
(hyperref)                removing `\leftskip' on input line 68.


Package hyperref Warning: Token not allowed in a PDF string (Unicode):
(hyperref)                removing `\@flushglue' on input line 68.


Package hyperref Warning: Token not allowed in a PDF string (Unicode):
(hyperref)                removing `\finalhyphendemerits' on input line 68.


Package hyperref Warning: Token not allowed in a PDF string (Unicode):
(hyperref)                removing `\z@' on input line 68.


Package hyperref Warning: Token not allowed in a PDF string (Unicode):
(hyperref)                removing `\parindent' on input line 68.


Package hyperref Warning: Token not allowed in a PDF string (Unicode):
(hyperref)                removing `\z@' on input line 68.


Package hyperref Warning: Token not allowed in a PDF string (Unicode):
(hyperref)                removing `\parfillskip' on input line 68.


Package hyperref Warning: Token not allowed in a PDF string (Unicode):
(hyperref)                removing `\z@skip' on input line 68.

pdfTeX warning (ext4): destination with the same identifier (name{page.1}) has 
been already used, duplicate ignored
<to be read again> 
                   \relax 
l.75 
      [1

]

LaTeX Warning: Reference `c2' on page 2 undefined on input line 78.

pdfTeX warning (ext4): destination with the same identifier (name{page.2}) has 
been already used, duplicate ignored
<to be read again> 
                   \relax 
l.90 
      [2]pdfTeX warning (ext4): destination with the same identifier (name{page
.3}) has been already used, duplicate ignored
<to be read again> 
                   \relax 
l.112         \section{Structure Of The Study}
                                              \label{15} [3]pdfTeX warning (ext
4): destination with the same identifier (name{page.4}) has been already used, 
duplicate ignored
<to be read again> 
                   \relax 
l.116     \chapter
                  {\centering Literature Review}\label{c2litrev} [4]
Chapter 2.

Package hyperref Warning: Token not allowed in a PDF string (Unicode):
(hyperref)                removing `\<let>-command' on input line 116.


Package hyperref Warning: Token not allowed in a PDF string (Unicode):
(hyperref)                removing `\\' on input line 116.


Package hyperref Warning: Token not allowed in a PDF string (Unicode):
(hyperref)                removing `\@centercr' on input line 116.


Package hyperref Warning: Token not allowed in a PDF string (Unicode):
(hyperref)                removing `\rightskip' on input line 116.


Package hyperref Warning: Token not allowed in a PDF string (Unicode):
(hyperref)                removing `\@flushglue' on input line 116.


Package hyperref Warning: Token not allowed in a PDF string (Unicode):
(hyperref)                removing `\leftskip' on input line 116.


Package hyperref Warning: Token not allowed in a PDF string (Unicode):
(hyperref)                removing `\@flushglue' on input line 116.


Package hyperref Warning: Token not allowed in a PDF string (Unicode):
(hyperref)                removing `\finalhyphendemerits' on input line 116.


Package hyperref Warning: Token not allowed in a PDF string (Unicode):
(hyperref)                removing `\z@' on input line 116.


Package hyperref Warning: Token not allowed in a PDF string (Unicode):
(hyperref)                removing `\parindent' on input line 116.


Package hyperref Warning: Token not allowed in a PDF string (Unicode):
(hyperref)                removing `\z@' on input line 116.


Package hyperref Warning: Token not allowed in a PDF string (Unicode):
(hyperref)                removing `\parfillskip' on input line 116.


Package hyperref Warning: Token not allowed in a PDF string (Unicode):
(hyperref)                removing `\z@skip' on input line 116.


Overfull \hbox (0.94455pt too wide) in paragraph at lines 126--127
[]\OT1/cmr/m/n/12 1997[]), high-lights that the work pre-vi-ously done us-ing v
ar-i-ous gradient-descent
 []

pdfTeX warning (ext4): destination with the same identifier (name{page.5}) has 
been already used, duplicate ignored
<to be read again> 
                   \relax 
l.127 
       [5

]
<../images/lstm-memorycell.png, id=425, 1169.36874pt x 492.84125pt>
File: ../images/lstm-memorycell.png Graphic file (type png)
<use ../images/lstm-memorycell.png>
Package pdftex.def Info: ../images/lstm-memorycell.png  used on input line 130.

(pdftex.def)             Requested size: 409.28519pt x 172.49701pt.

Overfull \hbox (19.28519pt too wide) in paragraph at lines 130--131
[][] 
 []

pdfTeX warning (ext4): destination with the same identifier (name{page.6}) has 
been already used, duplicate ignored
<to be read again> 
                   \relax 
l.142             \end{equation}
                                 [6 <../images/lstm-memorycell.png>]
<../images/lstm-network.png, id=446, 1276.77pt x 736.7525pt>
File: ../images/lstm-network.png Graphic file (type png)
<use ../images/lstm-network.png>
Package pdftex.def Info: ../images/lstm-network.png  used on input line 164.
(pdftex.def)             Requested size: 446.87619pt x 257.86723pt.

Overfull \hbox (56.87619pt too wide) in paragraph at lines 164--165
 [][] 
 []


LaTeX Warning: `!h' float specifier changed to `!ht'.

[7] [8 <../images/lstm-network.png>]
<../images/lstm-biLstm.png, id=468, 537.00626pt x 558.085pt>
File: ../images/lstm-biLstm.png Graphic file (type png)
<use ../images/lstm-biLstm.png>
Package pdftex.def Info: ../images/lstm-biLstm.png  used on input line 191.
(pdftex.def)             Requested size: 187.955pt x 195.33267pt.


LaTeX Warning: `!h' float specifier changed to `!ht'.

[9 <../images/lstm-biLstm.png>]
<../images/lstm-bilstmhaig.png, id=491, 732.7375pt x 297.11pt>
File: ../images/lstm-bilstmhaig.png Graphic file (type png)
<use ../images/lstm-bilstmhaig.png>
Package pdftex.def Info: ../images/lstm-bilstmhaig.png  used on input line 221.

(pdftex.def)             Requested size: 293.08981pt x 118.84189pt.
<../images/lstm-bilstmhaigcnn.png, id=498, 783.92876pt x 482.80376pt>
File: ../images/lstm-bilstmhaigcnn.png Graphic file (type png)
<use ../images/lstm-bilstmhaigcnn.png>
Package pdftex.def Info: ../images/lstm-bilstmhaigcnn.png  used on input line 2
29.
(pdftex.def)             Requested size: 274.37918pt x 168.98384pt.
 [10] [11 <../images/lstm-bilstmhaig.png> <../images/lstm-bilstmhaigcnn.png>]
<../images/lstm-bilstmhaighattention.png, id=518, 922.44624pt x 352.31625pt>
File: ../images/lstm-bilstmhaighattention.png Graphic file (type png)
<use ../images/lstm-bilstmhaighattention.png>
Package pdftex.def Info: ../images/lstm-bilstmhaighattention.png  used on input
 line 247.
(pdftex.def)             Requested size: 322.86102pt x 123.31253pt.
 [12 <../images/lstm-bilstmhaighattention.png>]
Overfull \hbox (29.70192pt too wide) in paragraph at lines 268--281
[][] 
 []

[13]
Overfull \hbox (2.73593pt too wide) in paragraph at lines 298--299
[]\OT1/cmr/bx/n/12 Match-LSTM Layer\OT1/cmr/m/n/12 : Here, the model treats the
 ques-tion as a premise
 []

[14]
<../images/lstmMatch.png, id=579, 910.90312pt x 519.44063pt>
File: ../images/lstmMatch.png Graphic file (type png)
<use ../images/lstmMatch.png>
Package pdftex.def Info: ../images/lstmMatch.png  used on input line 320.
(pdftex.def)             Requested size: 364.3548pt x 207.77257pt.
 [15 <../images/lstmMatch.png>]
<../images/transformer.png, id=601, 508.90125pt x 599.99156pt>
File: ../images/transformer.png Graphic file (type png)
<use ../images/transformer.png>
Package pdftex.def Info: ../images/transformer.png  used on input line 360.
(pdftex.def)             Requested size: 203.55688pt x 239.99237pt.


LaTeX Warning: `!h' float specifier changed to `!ht'.

[16]
<../images/multihead.png, id=614, 746.03719pt x 436.63126pt>
File: ../images/multihead.png Graphic file (type png)
<use ../images/multihead.png>
Package pdftex.def Info: ../images/multihead.png  used on input line 373.
(pdftex.def)             Requested size: 298.40958pt x 174.6494pt.
 [17 <../images/transformer.png>]
<../images/BERT.png, id=627, 1086.0575pt x 479.7925pt>
File: ../images/BERT.png Graphic file (type png)
<use ../images/BERT.png>
Package pdftex.def Info: ../images/BERT.png  used on input line 386.
(pdftex.def)             Requested size: 380.12581pt x 167.92987pt.


LaTeX Warning: `!h' float specifier changed to `!ht'.

[18 <../images/multihead.png>] [19 <../images/BERT.png>] [20]
Chapter 3.

Package hyperref Warning: Token not allowed in a PDF string (Unicode):
(hyperref)                removing `\<let>-command' on input line 406.


Package hyperref Warning: Token not allowed in a PDF string (Unicode):
(hyperref)                removing `\\' on input line 406.


Package hyperref Warning: Token not allowed in a PDF string (Unicode):
(hyperref)                removing `\@centercr' on input line 406.


Package hyperref Warning: Token not allowed in a PDF string (Unicode):
(hyperref)                removing `\rightskip' on input line 406.


Package hyperref Warning: Token not allowed in a PDF string (Unicode):
(hyperref)                removing `\@flushglue' on input line 406.


Package hyperref Warning: Token not allowed in a PDF string (Unicode):
(hyperref)                removing `\leftskip' on input line 406.


Package hyperref Warning: Token not allowed in a PDF string (Unicode):
(hyperref)                removing `\@flushglue' on input line 406.


Package hyperref Warning: Token not allowed in a PDF string (Unicode):
(hyperref)                removing `\finalhyphendemerits' on input line 406.


Package hyperref Warning: Token not allowed in a PDF string (Unicode):
(hyperref)                removing `\z@' on input line 406.


Package hyperref Warning: Token not allowed in a PDF string (Unicode):
(hyperref)                removing `\parindent' on input line 406.


Package hyperref Warning: Token not allowed in a PDF string (Unicode):
(hyperref)                removing `\z@' on input line 406.


Package hyperref Warning: Token not allowed in a PDF string (Unicode):
(hyperref)                removing `\parfillskip' on input line 406.


Package hyperref Warning: Token not allowed in a PDF string (Unicode):
(hyperref)                removing `\z@skip' on input line 406.


Underfull \hbox (badness 10000) in paragraph at lines 416--423

 []


Overfull \hbox (14.63324pt too wide) in paragraph at lines 416--423
[] 
 []


Underfull \hbox (badness 10000) in paragraph at lines 416--423

 []


Underfull \hbox (badness 10000) in paragraph at lines 416--423

 []

[21

]

LaTeX Warning: `!h' float specifier changed to `!ht'.

[22] [23] [24] [25


]
Appendix A.
<../images/GanttChart-mid.png, id=703, 1059.96pt x 819.06pt>
File: ../images/GanttChart-mid.png Graphic file (type png)
<use ../images/GanttChart-mid.png>
Package pdftex.def Info: ../images/GanttChart-mid.png  used on input line 491.
(pdftex.def)             Requested size: 582.9798pt x 450.48439pt.

Overfull \hbox (60.48439pt too wide) in paragraph at lines 491--492
 [][] 
 []


LaTeX Warning: Float too large for page by 10.47978pt on input line 493.


LaTeX Warning: `!h' float specifier changed to `!ht'.

[26

] [27 <../images/GanttChart-mid.png>]
Appendix B.
[28

]pdfTeX warning (ext4): destination with the same identifier (name{page.1}) has
 been already used, duplicate ignored
<to be read again> 
                   \relax 
l.507 		\end{abstract}
                       [1] (MidThesis.toc)
\tf@toc=\write8
\openout8 = `MidThesis.toc'.

pdfTeX warning (ext4): destination with the same identifier (name{page.1}) has 
been already used, duplicate ignored
<to be read again> 
                   \relax 
l.510 		\newpage
                 [1

] (MidThesis.lof)
\tf@lof=\write9
\openout9 = `MidThesis.lof'.

pdfTeX warning (ext4): destination with the same identifier (name{page.2}) has 
been already used, duplicate ignored
<to be read again> 
                   \relax 
l.512 		\newpage
                 [2

]pdfTeX warning (ext4): destination with the same identifier (name{page.3}) has
 been already used, duplicate ignored
<to be read again> 
                   \relax 
l.525 		
         [3]

Package natbib Warning: Citation `originallstm' on page 4 undefined on input li
ne 528.

pdfTeX warning (ext4): destination with the same identifier (name{page.4}) has 
been already used, duplicate ignored
<to be read again> 
                   \relax 
l.540 			
          [4]

Package natbib Warning: Citation `lstm' on page 5 undefined on input line 541.

File: ../images/transformer.png Graphic file (type png)
<use ../images/transformer.png>
Package pdftex.def Info: ../images/transformer.png  used on input line 545.
(pdftex.def)             Requested size: 127.22499pt x 149.99751pt.
File: ../images/multihead.png Graphic file (type png)
<use ../images/multihead.png>
Package pdftex.def Info: ../images/multihead.png  used on input line 554.
(pdftex.def)             Requested size: 298.40958pt x 174.6494pt.
pdfTeX warning (ext4): destination with the same identifier (name{page.5}) has 
been already used, duplicate ignored
<to be read again> 
                   \relax 
l.558 			\item T
                he paper on BERT, which is \textit{Bidirectional Encoder Rep...
[5]
File: ../images/BERT.png Graphic file (type png)
<use ../images/BERT.png>
Package pdftex.def Info: ../images/BERT.png  used on input line 563.
(pdftex.def)             Requested size: 380.12581pt x 167.92987pt.
pdfTeX warning (ext4): destination with the same identifier (name{page.6}) has 
been already used, duplicate ignored
<to be read again> 
                   \relax 
l.567 			
          [6]

Package natbib Warning: Citation `lstm' on page 7 undefined on input line 575.

pdfTeX warning (ext4): destination with the same identifier (name{page.7}) has 
been already used, duplicate ignored
<to be read again> 
                   \relax 
l.578 		
         [7]pdfTeX warning (ext4): destination with the same identifier (name{p
age.8}) has been already used, duplicate ignored
<to be read again> 
                   \relax 
l.605 		
         [8]
Underfull \hbox (badness 10000) in paragraph at lines 606--613

 []


Overfull \hbox (14.63324pt too wide) in paragraph at lines 606--613
[] 
 []


Underfull \hbox (badness 10000) in paragraph at lines 606--613

 []


Underfull \hbox (badness 10000) in paragraph at lines 606--613

 []

pdfTeX warning (ext4): destination with the same identifier (name{page.9}) has 
been already used, duplicate ignored
<to be read again> 
                   \relax 
l.631 		
         [9]pdfTeX warning (ext4): destination with the same identifier (name{p
age.10}) has been already used, duplicate ignored
<to be read again> 
                   \relax 
l.661 		\section{Requirements and Resources}
                                            \label{resources} [10]

Package natbib Warning: Citation `Ram' on page 11 undefined on input line 667.

<../images/g2.png, id=833, 964.60374pt x 426.59375pt>
File: ../images/g2.png Graphic file (type png)
<use ../images/g2.png>
Package pdftex.def Info: ../images/g2.png  used on input line 677.
(pdftex.def)             Requested size: 512.16483pt x 341.4512pt.
(MidThesis.bblpdfTeX warning (ext4): destination with the same identifier (name
{page.11}) has been already used, duplicate ignored
<to be read again> 
                   \relax 
l.1 \begin{thebibliography}{29}
                                [11]pdfTeX warning (ext4): destination with the
 same identifier (name{page.12}) has been already used, duplicate ignored
<to be read again> 
                   \relax 
l.1 \begin{thebibliography}{29}
                                [12 <../images/g2.png>]pdfTeX warning (ext4): d
estination with the same identifier (name{page.13}) has been already used, dupl
icate ignored
<to be read again> 
                   \relax 
l.69 
      [13

]pdfTeX warning (ext4): destination with the same identifier (name{page.14}) ha
s been already used, duplicate ignored
<to be read again> 
                   \relax 
l.142 
       [14]
Underfull \hbox (badness 2903) in paragraph at lines 172--178
\OT1/cmtt/m/n/12 Products / Memory / VENGEANCE-[]LPX / p / CMK8GX4M1A2400C14$[]
\OT1/cmr/m/n/12 .  Ac-cessed:
 []


Underfull \hbox (badness 10000) in paragraph at lines 188--193
[]\OT1/cmr/m/n/12 Intel.  In-tel\TS1/cmr/m/n/12 ® \OT1/cmr/m/n/12 core\TS1/cmr/
m/n/12 — \OT1/cmr/m/n/12 i7-10700 pro-ces-sor (16m cache, up to
 []


Underfull \hbox (badness 10000) in paragraph at lines 188--193
\OT1/cmr/m/n/12 4.80 ghz) - prod-uct spec-i-fi-ca-tions.  URL []$\OT1/cmtt/m/n/
12 https : / / www .
 []


Underfull \hbox (badness 10000) in paragraph at lines 188--193
\OT1/cmtt/m/n/12 intel . co . uk / content / www / uk / en / products / sku / 1
99316 /
 []


Underfull \hbox (badness 10000) in paragraph at lines 188--193
\OT1/cmtt/m/n/12 intel-[]core-[]i710700-[]processor-[]16m-[]cache-[]up-[]to-[]4
-[]80-[]ghz /
 []

)

Package natbib Warning: There were undefined citations.


Package caption Warning: Unused \captionsetup[figure] on input line \caption@op
t@figure@lineno .
See the caption package documentation for explanation.


Package caption Warning: Unused \captionsetup[ table] on input line \caption@op
t@ table@lineno .
See the caption package documentation for explanation.

pdfTeX warning (ext4): destination with the same identifier (name{page.15}) has
 been already used, duplicate ignored
<to be read again> 
                   \relax 
l.681 \end{document}
                     [15] (MidThesis.aux)

LaTeX Warning: There were undefined references.

Package rerunfilecheck Info: File `MidThesis.out' has not changed.
(rerunfilecheck)             Checksum: 98E1E9E1A6CFDEFB038CAEC95D895328;6717.
 ) 
Here is how much of TeX's memory you used:
 14229 strings out of 478864
 214411 string characters out of 2864674
 596739 words of memory out of 3000000
 31728 multiletter control sequences out of 15000+600000
 416012 words of font info for 79 fonts, out of 8000000 for 9000
 1141 hyphenation exceptions out of 8191
 110i,21n,108p,1071b,588s stack positions out of 5000i,500n,10000p,200000b,80000s
 <C:\Users\nirbh\AppData\Local\MiKTeX\fonts/pk/ljfour/jknappen/ec/dpi600\tcrm
1200.pk><E:/MikText/fonts/type1/public/amsfonts/cm/cmbx12.pfb><E:/MikText/fonts
/type1/public/amsfonts/cm/cmbx8.pfb><E:/MikText/fonts/type1/public/amsfonts/cm/
cmex10.pfb><E:/MikText/fonts/type1/public/amsfonts/cm/cmmi12.pfb><E:/MikText/fo
nts/type1/public/amsfonts/cm/cmmi6.pfb><E:/MikText/fonts/type1/public/amsfonts/
cm/cmmi8.pfb><E:/MikText/fonts/type1/public/amsfonts/cm/cmr12.pfb><E:/MikText/f
onts/type1/public/amsfonts/cm/cmr17.pfb><E:/MikText/fonts/type1/public/amsfonts
/cm/cmr8.pfb><E:/MikText/fonts/type1/public/amsfonts/cm/cmsy10.pfb><E:/MikText/
fonts/type1/public/amsfonts/cm/cmsy8.pfb><E:/MikText/fonts/type1/public/amsfont
s/cm/cmti12.pfb><E:/MikText/fonts/type1/public/amsfonts/cm/cmti8.pfb><E:/MikTex
t/fonts/type1/public/amsfonts/cm/cmtt12.pfb><E:/MikText/fonts/type1/public/amsf
onts/symbols/msbm10.pfb>
Output written on MidThesis.pdf (52 pages, 1211729 bytes).
PDF statistics:
 987 PDF objects out of 1000 (max. 8388607)
 169 named destinations out of 1000 (max. 500000)
 405 words of extra memory for PDF output out of 10000 (max. 10000000)

