This is pdfTeX, Version 3.14159265-2.6-1.40.20 (TeX Live 2019/Debian) (preloaded format=pdflatex 2021.6.21)  8 AUG 2021 14:27
entering extended mode
 restricted \write18 enabled.
 %&-line parsing enabled.
**FinalThesis.tex
(./FinalThesis.tex
LaTeX2e <2020-02-02> patch level 2
L3 programming layer <2020-02-14>
(/usr/share/texlive/texmf-dist/tex/latex/base/report.cls
Document Class: report 2019/12/20 v1.4l Standard LaTeX document class
(/usr/share/texlive/texmf-dist/tex/latex/base/size12.clo
File: size12.clo 2019/12/20 v1.4l Standard LaTeX file (size option)
)
\c@part=\count167
\c@chapter=\count168
\c@section=\count169
\c@subsection=\count170
\c@subsubsection=\count171
\c@paragraph=\count172
\c@subparagraph=\count173
\c@figure=\count174
\c@table=\count175
\abovecaptionskip=\skip47
\belowcaptionskip=\skip48
\bibindent=\dimen134
)
(/usr/share/texlive/texmf-dist/tex/latex/natbib/natbib.sty
Package: natbib 2010/09/13 8.31b (PWD, AO)
\bibhang=\skip49
\bibsep=\skip50
LaTeX Info: Redefining \cite on input line 694.
\c@NAT@ctr=\count176
)
(/usr/share/texlive/texmf-dist/tex/latex/base/inputenc.sty
Package: inputenc 2018/08/11 v1.3c Input encoding file
\inpenc@prehook=\toks14
\inpenc@posthook=\toks15
)
(/usr/share/texlive/texmf-dist/tex/latex/graphics/epsfig.sty
Package: epsfig 2017/06/25 v1.7b (e)psfig emulation (SPQR)

(/usr/share/texlive/texmf-dist/tex/latex/graphics/graphicx.sty
Package: graphicx 2019/11/30 v1.2a Enhanced LaTeX Graphics (DPC,SPQR)

(/usr/share/texlive/texmf-dist/tex/latex/graphics/keyval.sty
Package: keyval 2014/10/28 v1.15 key=value parser (DPC)
\KV@toks@=\toks16
)
(/usr/share/texlive/texmf-dist/tex/latex/graphics/graphics.sty
Package: graphics 2019/11/30 v1.4a Standard LaTeX Graphics (DPC,SPQR)

(/usr/share/texlive/texmf-dist/tex/latex/graphics/trig.sty
Package: trig 2016/01/03 v1.10 sin cos tan (DPC)
)
(/usr/share/texlive/texmf-dist/tex/latex/graphics-cfg/graphics.cfg
File: graphics.cfg 2016/06/04 v1.11 sample graphics configuration
)
Package graphics Info: Driver file: pdftex.def on input line 105.

(/usr/share/texlive/texmf-dist/tex/latex/graphics-def/pdftex.def
File: pdftex.def 2018/01/08 v1.0l Graphics/color driver for pdftex
))
\Gin@req@height=\dimen135
\Gin@req@width=\dimen136
)
\epsfxsize=\dimen137
\epsfysize=\dimen138
)
(/usr/share/texlive/texmf-dist/tex/latex/base/latexsym.sty
Package: latexsym 1998/08/17 v2.2e Standard LaTeX package (lasy symbols)
\symlasy=\mathgroup4
LaTeX Font Info:    Overwriting symbol font `lasy' in version `bold'
(Font)                  U/lasy/m/n --> U/lasy/b/n on input line 52.
)
(/usr/share/texlive/texmf-dist/tex/latex/hyperref/hyperref.sty
Package: hyperref 2020/01/14 v7.00d Hypertext links for LaTeX

(/usr/share/texlive/texmf-dist/tex/generic/ltxcmds/ltxcmds.sty
Package: ltxcmds 2019/12/15 v1.24 LaTeX kernel commands for general use (HO)
)
(/usr/share/texlive/texmf-dist/tex/generic/iftex/iftex.sty
Package: iftex 2019/11/07 v1.0c TeX engine tests
)
(/usr/share/texlive/texmf-dist/tex/latex/pdftexcmds/pdftexcmds.sty
Package: pdftexcmds 2019/11/24 v0.31 Utility functions of pdfTeX for LuaTeX (HO
)

(/usr/share/texlive/texmf-dist/tex/generic/infwarerr/infwarerr.sty
Package: infwarerr 2019/12/03 v1.5 Providing info/warning/error messages (HO)
)
Package pdftexcmds Info: \pdf@primitive is available.
Package pdftexcmds Info: \pdf@ifprimitive is available.
Package pdftexcmds Info: \pdfdraftmode found.
)
(/usr/share/texlive/texmf-dist/tex/generic/kvsetkeys/kvsetkeys.sty
Package: kvsetkeys 2019/12/15 v1.18 Key value parser (HO)
)
(/usr/share/texlive/texmf-dist/tex/generic/kvdefinekeys/kvdefinekeys.sty
Package: kvdefinekeys 2019-12-19 v1.6 Define keys (HO)
)
(/usr/share/texlive/texmf-dist/tex/generic/pdfescape/pdfescape.sty
Package: pdfescape 2019/12/09 v1.15 Implements pdfTeX's escape features (HO)
)
(/usr/share/texlive/texmf-dist/tex/latex/hycolor/hycolor.sty
Package: hycolor 2020-01-27 v1.10 Color options for hyperref/bookmark (HO)
)
(/usr/share/texlive/texmf-dist/tex/latex/letltxmacro/letltxmacro.sty
Package: letltxmacro 2019/12/03 v1.6 Let assignment for LaTeX macros (HO)
)
(/usr/share/texlive/texmf-dist/tex/latex/auxhook/auxhook.sty
Package: auxhook 2019-12-17 v1.6 Hooks for auxiliary files (HO)
)
(/usr/share/texlive/texmf-dist/tex/latex/kvoptions/kvoptions.sty
Package: kvoptions 2019/11/29 v3.13 Key value format for package options (HO)
)
\@linkdim=\dimen139
\Hy@linkcounter=\count177
\Hy@pagecounter=\count178

(/usr/share/texlive/texmf-dist/tex/latex/hyperref/pd1enc.def
File: pd1enc.def 2020/01/14 v7.00d Hyperref: PDFDocEncoding definition (HO)
Now handling font encoding PD1 ...
... no UTF-8 mapping file for font encoding PD1
)
(/usr/share/texlive/texmf-dist/tex/generic/intcalc/intcalc.sty
Package: intcalc 2019/12/15 v1.3 Expandable calculations with integers (HO)
)
(/usr/share/texlive/texmf-dist/tex/generic/etexcmds/etexcmds.sty
Package: etexcmds 2019/12/15 v1.7 Avoid name clashes with e-TeX commands (HO)
)
\Hy@SavedSpaceFactor=\count179
\pdfmajorversion=\count180
Package hyperref Info: Hyper figures OFF on input line 4547.
Package hyperref Info: Link nesting OFF on input line 4552.
Package hyperref Info: Hyper index ON on input line 4555.
Package hyperref Info: Plain pages OFF on input line 4562.
Package hyperref Info: Backreferencing OFF on input line 4567.
Package hyperref Info: Implicit mode ON; LaTeX internals redefined.
Package hyperref Info: Bookmarks ON on input line 4800.
\c@Hy@tempcnt=\count181

(/usr/share/texlive/texmf-dist/tex/latex/url/url.sty
\Urlmuskip=\muskip16
Package: url 2013/09/16  ver 3.4  Verb mode for urls, etc.
)
LaTeX Info: Redefining \url on input line 5159.
\XeTeXLinkMargin=\dimen140

(/usr/share/texlive/texmf-dist/tex/generic/bitset/bitset.sty
Package: bitset 2019/12/09 v1.3 Handle bit-vector datatype (HO)

(/usr/share/texlive/texmf-dist/tex/generic/bigintcalc/bigintcalc.sty
Package: bigintcalc 2019/12/15 v1.5 Expandable calculations on big integers (HO
)
))
\Fld@menulength=\count182
\Field@Width=\dimen141
\Fld@charsize=\dimen142
Package hyperref Info: Hyper figures OFF on input line 6430.
Package hyperref Info: Link nesting OFF on input line 6435.
Package hyperref Info: Hyper index ON on input line 6438.
Package hyperref Info: backreferencing OFF on input line 6445.
Package hyperref Info: Link coloring OFF on input line 6450.
Package hyperref Info: Link coloring with OCG OFF on input line 6455.
Package hyperref Info: PDF/A mode OFF on input line 6460.
LaTeX Info: Redefining \ref on input line 6500.
LaTeX Info: Redefining \pageref on input line 6504.

(/usr/share/texlive/texmf-dist/tex/generic/atbegshi/atbegshi.sty
Package: atbegshi 2019/12/05 v1.19 At begin shipout hook (HO)
)
\Hy@abspage=\count183
\c@Item=\count184
\c@Hfootnote=\count185
)
Package hyperref Info: Driver (autodetected): hpdftex.

(/usr/share/texlive/texmf-dist/tex/latex/hyperref/hpdftex.def
File: hpdftex.def 2020/01/14 v7.00d Hyperref driver for pdfTeX

(/usr/share/texlive/texmf-dist/tex/latex/atveryend/atveryend.sty
Package: atveryend 2019-12-11 v1.11 Hooks at the very end of document (HO)
Package atveryend Info: \enddocument detected (standard20110627).
)
\Fld@listcount=\count186
\c@bookmark@seq@number=\count187

(/usr/share/texlive/texmf-dist/tex/latex/rerunfilecheck/rerunfilecheck.sty
Package: rerunfilecheck 2019/12/05 v1.9 Rerun checks for auxiliary files (HO)

(/usr/share/texlive/texmf-dist/tex/generic/uniquecounter/uniquecounter.sty
Package: uniquecounter 2019/12/15 v1.4 Provide unlimited unique counter (HO)
)
Package uniquecounter Info: New unique counter `rerunfilecheck' on input line 2
86.
)
\Hy@SectionHShift=\skip51
)
(/usr/share/texlive/texmf-dist/tex/latex/amsfonts/amssymb.sty
Package: amssymb 2013/01/14 v3.01 AMS font symbols

(/usr/share/texlive/texmf-dist/tex/latex/amsfonts/amsfonts.sty
Package: amsfonts 2013/01/14 v3.01 Basic AMSFonts support
\@emptytoks=\toks17
\symAMSa=\mathgroup5
\symAMSb=\mathgroup6
LaTeX Font Info:    Redeclaring math symbol \hbar on input line 98.
LaTeX Font Info:    Overwriting math alphabet `\mathfrak' in version `bold'
(Font)                  U/euf/m/n --> U/euf/b/n on input line 106.
))
(/usr/share/texlive/texmf-dist/tex/latex/caption/caption.sty
Package: caption 2020/01/03 v3.4h Customizing captions (AR)

(/usr/share/texlive/texmf-dist/tex/latex/caption/caption3.sty
Package: caption3 2020/01/03 v1.8h caption3 kernel (AR)
Package caption3 Info: TeX engine: e-TeX on input line 61.
\captionmargin=\dimen143
\captionmargin@=\dimen144
\captionwidth=\dimen145
\caption@tempdima=\dimen146
\caption@indent=\dimen147
\caption@parindent=\dimen148
\caption@hangindent=\dimen149
Package caption Info: Standard document class detected.
)
\c@caption@flags=\count188
\c@continuedfloat=\count189
Package caption Info: hyperref package is loaded.
)
(/usr/share/texlive/texmf-dist/tex/latex/titlesec/titlesec.sty
Package: titlesec 2019/10/16 v2.13 Sectioning titles
\ttl@box=\box45
\beforetitleunit=\skip52
\aftertitleunit=\skip53
\ttl@plus=\dimen150
\ttl@minus=\dimen151
\ttl@toksa=\toks18
\titlewidth=\dimen152
\titlewidthlast=\dimen153
\titlewidthfirst=\dimen154
)
(/usr/share/texlive/texmf-dist/tex/latex/tocbibind/tocbibind.sty
Package: tocbibind 2010/10/13 v1.5k extra ToC listings
Package tocbibind Info: The document has chapter divisions on input line 50.


Package tocbibind Note: Using chapter style headings, unless overridden.

) (/usr/share/texlive/texmf-dist/tex/latex/nomencl/nomencl.sty
Package: nomencl 2019/11/23 v5.3 Nomenclature package

(/usr/share/texlive/texmf-dist/tex/latex/xkeyval/xkeyval.sty
Package: xkeyval 2014/12/03 v2.7a package option processing (HA)

(/usr/share/texlive/texmf-dist/tex/generic/xkeyval/xkeyval.tex
(/usr/share/texlive/texmf-dist/tex/generic/xkeyval/xkvutils.tex
\XKV@toks=\toks19
\XKV@tempa@toks=\toks20
)
\XKV@depth=\count190
File: xkeyval.tex 2014/12/03 v2.7a key=value parser (HA)
))
(/usr/share/texlive/texmf-dist/tex/latex/base/ifthen.sty
Package: ifthen 2014/09/29 v1.1c Standard LaTeX ifthen package (DPC)
)
(/usr/share/texlive/texmf-dist/tex/latex/koma-script/tocbasic.sty
Package: tocbasic 2020/01/24 v3.29 KOMA-Script package (handling toc-files)

(/usr/share/texlive/texmf-dist/tex/latex/koma-script/scrbase.sty
Package: scrbase 2020/01/24 v3.29 KOMA-Script package (KOMA-Script-independent 
basics and keyval usage)

(/usr/share/texlive/texmf-dist/tex/latex/koma-script/scrlfile.sty
Package: scrlfile 2020/01/24 v3.29 KOMA-Script package (loading files)
))
\scr@dte@tocline@numberwidth=\skip54
\scr@dte@tocline@numbox=\box46
)
Package tocbasic Info: setting babel extension for `nlo' on input line 163.
Package tocbasic Info: setting babel extension for `nls' on input line 164.
\nomlabelwidth=\dimen155
\nom@tempdim=\dimen156
\nomitemsep=\skip55
)
\@nomenclaturefile=\write3
\openout3 = `FinalThesis.nlo'.

Package nomencl Info: Writing nomenclature file FinalThesis.nlo on input line 3
4.

(/usr/share/texlive/texmf-dist/tex/latex/mathtools/mathtools.sty
Package: mathtools 2020/01/17 v1.23 mathematical typesetting tools

(/usr/share/texlive/texmf-dist/tex/latex/tools/calc.sty
Package: calc 2017/05/25 v4.3 Infix arithmetic (KKT,FJ)
\calc@Acount=\count191
\calc@Bcount=\count192
\calc@Adimen=\dimen157
\calc@Bdimen=\dimen158
\calc@Askip=\skip56
\calc@Bskip=\skip57
LaTeX Info: Redefining \setlength on input line 80.
LaTeX Info: Redefining \addtolength on input line 81.
\calc@Ccount=\count193
\calc@Cskip=\skip58
)
(/usr/share/texlive/texmf-dist/tex/latex/mathtools/mhsetup.sty
Package: mhsetup 2017/03/31 v1.3 programming setup (MH)
)
(/usr/share/texlive/texmf-dist/tex/latex/amsmath/amsmath.sty
Package: amsmath 2020/01/20 v2.17e AMS math features
\@mathmargin=\skip59

For additional information on amsmath, use the `?' option.
(/usr/share/texlive/texmf-dist/tex/latex/amsmath/amstext.sty
Package: amstext 2000/06/29 v2.01 AMS text

(/usr/share/texlive/texmf-dist/tex/latex/amsmath/amsgen.sty
File: amsgen.sty 1999/11/30 v2.0 generic functions
\@emptytoks=\toks21
\ex@=\dimen159
))
(/usr/share/texlive/texmf-dist/tex/latex/amsmath/amsbsy.sty
Package: amsbsy 1999/11/29 v1.2d Bold Symbols
\pmbraise@=\dimen160
)
(/usr/share/texlive/texmf-dist/tex/latex/amsmath/amsopn.sty
Package: amsopn 2016/03/08 v2.02 operator names
)
\inf@bad=\count194
LaTeX Info: Redefining \frac on input line 227.
\uproot@=\count195
\leftroot@=\count196
LaTeX Info: Redefining \overline on input line 389.
\classnum@=\count197
\DOTSCASE@=\count198
LaTeX Info: Redefining \ldots on input line 486.
LaTeX Info: Redefining \dots on input line 489.
LaTeX Info: Redefining \cdots on input line 610.
\Mathstrutbox@=\box47
\strutbox@=\box48
\big@size=\dimen161
LaTeX Font Info:    Redeclaring font encoding OML on input line 733.
LaTeX Font Info:    Redeclaring font encoding OMS on input line 734.
\macc@depth=\count199
\c@MaxMatrixCols=\count266
\dotsspace@=\muskip17
\c@parentequation=\count267
\dspbrk@lvl=\count268
\tag@help=\toks22
\row@=\count269
\column@=\count270
\maxfields@=\count271
\andhelp@=\toks23
\eqnshift@=\dimen162
\alignsep@=\dimen163
\tagshift@=\dimen164
\tagwidth@=\dimen165
\totwidth@=\dimen166
\lineht@=\dimen167
\@envbody=\toks24
\multlinegap=\skip60
\multlinetaggap=\skip61
\mathdisplay@stack=\toks25
LaTeX Info: Redefining \[ on input line 2859.
LaTeX Info: Redefining \] on input line 2860.
)
LaTeX Info: Thecontrolsequence`\('isalreadyrobust on input line 129.
LaTeX Info: Thecontrolsequence`\)'isalreadyrobust on input line 129.
LaTeX Info: Thecontrolsequence`\['isalreadyrobust on input line 129.
LaTeX Info: Thecontrolsequence`\]'isalreadyrobust on input line 129.
\g_MT_multlinerow_int=\count272
\l_MT_multwidth_dim=\dimen168
\origjot=\skip62
\l_MT_shortvdotswithinadjustabove_dim=\dimen169
\l_MT_shortvdotswithinadjustbelow_dim=\dimen170
\l_MT_above_intertext_sep=\dimen171
\l_MT_below_intertext_sep=\dimen172
\l_MT_above_shortintertext_sep=\dimen173
\l_MT_below_shortintertext_sep=\dimen174
)
(/usr/share/texlive/texmf-dist/tex/latex/pdfpages/pdfpages.sty
Package: pdfpages 2020/01/28 v0.5q Insert pages of external PDF documents (AM)

(/usr/share/texlive/texmf-dist/tex/latex/eso-pic/eso-pic.sty
Package: eso-pic 2018/04/12 v2.0h eso-pic (RN)

(/usr/share/texlive/texmf-dist/tex/latex/xcolor/xcolor.sty
Package: xcolor 2016/05/11 v2.12 LaTeX color extensions (UK)

(/usr/share/texlive/texmf-dist/tex/latex/graphics-cfg/color.cfg
File: color.cfg 2016/01/02 v1.6 sample color configuration
)
Package xcolor Info: Driver file: pdftex.def on input line 225.
Package xcolor Info: Model `cmy' substituted by `cmy0' on input line 1348.
Package xcolor Info: Model `hsb' substituted by `rgb' on input line 1352.
Package xcolor Info: Model `RGB' extended on input line 1364.
Package xcolor Info: Model `HTML' substituted by `rgb' on input line 1366.
Package xcolor Info: Model `Hsb' substituted by `hsb' on input line 1367.
Package xcolor Info: Model `tHsb' substituted by `hsb' on input line 1368.
Package xcolor Info: Model `HSB' substituted by `hsb' on input line 1369.
Package xcolor Info: Model `Gray' substituted by `gray' on input line 1370.
Package xcolor Info: Model `wave' substituted by `hsb' on input line 1371.
))
\AM@pagewidth=\dimen175
\AM@pageheight=\dimen176

(/usr/share/texlive/texmf-dist/tex/latex/pdfpages/pppdftex.def
File: pppdftex.def 2020/01/28 v0.5q Pdfpages driver for pdfTeX (AM)
)
\AM@pagebox=\box49
\AM@global@opts=\toks26
\AM@pagecnt=\count273
\AM@toc@title=\toks27
\c@AM@survey=\count274
\AM@templatesizebox=\box50
)
(/usr/share/texlive/texmf-dist/tex/latex/appendix/appendix.sty
Package: appendix 2020/02/08 v1.2c extra appendix facilities
\c@@pps=\count275
\c@@ppsavesec=\count276
\c@@ppsaveapp=\count277
)
(/usr/share/texlive/texmf-dist/tex/latex/datetime/datetime.sty
Package: datetime 2015/03/20 v2.60 Date Time Package

(/usr/share/texlive/texmf-dist/tex/latex/etoolbox/etoolbox.sty
Package: etoolbox 2019/09/21 v2.5h e-TeX tools for LaTeX (JAW)
\etb@tempcnta=\count278
)
(/usr/share/texlive/texmf-dist/tex/latex/fmtcount/fmtcount.sty
Package: fmtcount 2020/01/30 v3.06

(/usr/share/texlive/texmf-dist/tex/latex/fmtcount/fcprefix.sty
Package: fcprefix 2012/09/28

(/usr/share/texlive/texmf-dist/tex/latex/fmtcount/fcnumparser.sty
Package: fcnumparser 2017/06/15
\fc@digit@counter=\count279
))
\c@padzeroesN=\count280
\fc@tmpcatcode=\count281
\@DT@modctr=\count282
\@ordinalctr=\count283
\@orgargctr=\count284
\@strctr=\count285
\@tmpstrctr=\count286
\@DT@loopN=\count287
\@DT@X=\count288
)
(/usr/share/texlive/texmf-dist/tex/latex/datetime/datetime-defaults.sty
Package: datetime-defaults 2013/09/10
)
\@day=\count289
\@month=\count290
\@year=\count291
\c@HOUR=\count292
\c@HOURXII=\count293
\c@MINUTE=\count294
\c@TOHOUR=\count295
\c@TOMINUTE=\count296
\c@SECOND=\count297
\currenthour=\count298
\currentminute=\count299
\currentsecond=\count300
Package datetime Info: No datetime.cfg file found, using default settings on in
put line 308.
\@dtctr=\count301
\dayofyear=\count302
\dayofweek=\count303
LaTeX Info: Redefining \today on input line 736.
\dt@a=\toks28
\dt@b=\toks29
)
(/usr/share/texlive/texmf-dist/tex/latex/l3backend/l3backend-pdfmode.def
File: l3backend-pdfmode.def 2020-02-03 L3 backend support: PDF mode
\l__kernel_color_stack_int=\count304
\l__pdf_internal_box=\box51
)
(./FinalThesis.aux)
\openout1 = `FinalThesis.aux'.

LaTeX Font Info:    Checking defaults for OML/cmm/m/it on input line 51.
LaTeX Font Info:    ... okay on input line 51.
LaTeX Font Info:    Checking defaults for OMS/cmsy/m/n on input line 51.
LaTeX Font Info:    ... okay on input line 51.
LaTeX Font Info:    Checking defaults for OT1/cmr/m/n on input line 51.
LaTeX Font Info:    ... okay on input line 51.
LaTeX Font Info:    Checking defaults for T1/cmr/m/n on input line 51.
LaTeX Font Info:    ... okay on input line 51.
LaTeX Font Info:    Checking defaults for TS1/cmr/m/n on input line 51.
LaTeX Font Info:    ... okay on input line 51.
LaTeX Font Info:    Checking defaults for OMX/cmex/m/n on input line 51.
LaTeX Font Info:    ... okay on input line 51.
LaTeX Font Info:    Checking defaults for U/cmr/m/n on input line 51.
LaTeX Font Info:    ... okay on input line 51.
LaTeX Font Info:    Checking defaults for PD1/pdf/m/n on input line 51.
LaTeX Font Info:    ... okay on input line 51.

(/usr/share/texlive/texmf-dist/tex/context/base/mkii/supp-pdf.mkii
[Loading MPS to PDF converter (version 2006.09.02).]
\scratchcounter=\count305
\scratchdimen=\dimen177
\scratchbox=\box52
\nofMPsegments=\count306
\nofMParguments=\count307
\everyMPshowfont=\toks30
\MPscratchCnt=\count308
\MPscratchDim=\dimen178
\MPnumerator=\count309
\makeMPintoPDFobject=\count310
\everyMPtoPDFconversion=\toks31
) (/usr/share/texlive/texmf-dist/tex/latex/epstopdf-pkg/epstopdf-base.sty
Package: epstopdf-base 2020-01-24 v2.11 Base part for package epstopdf
Package epstopdf-base Info: Redefining graphics rule for `.eps' on input line 4
85.

(/usr/share/texlive/texmf-dist/tex/latex/latexconfig/epstopdf-sys.cfg
File: epstopdf-sys.cfg 2010/07/13 v1.3 Configuration of (r)epstopdf for TeX Liv
e
))
\AtBeginShipoutBox=\box53
Package hyperref Info: Link coloring OFF on input line 51.

(/usr/share/texlive/texmf-dist/tex/latex/hyperref/nameref.sty
Package: nameref 2019/09/16 v2.46 Cross-referencing by name of section

(/usr/share/texlive/texmf-dist/tex/latex/refcount/refcount.sty
Package: refcount 2019/12/15 v3.6 Data extraction from label references (HO)
)
(/usr/share/texlive/texmf-dist/tex/generic/gettitlestring/gettitlestring.sty
Package: gettitlestring 2019/12/15 v1.6 Cleanup title references (HO)
)
\c@section@level=\count311
)
LaTeX Info: Redefining \ref on input line 51.
LaTeX Info: Redefining \pageref on input line 51.
LaTeX Info: Redefining \nameref on input line 51.

(./FinalThesis.out) (./FinalThesis.out)
\@outlinefile=\write4
\openout4 = `FinalThesis.out'.

Package caption Info: Begin \AtBeginDocument code.
Package caption Info: End \AtBeginDocument code.

(/usr/share/texlive/texmf-dist/tex/latex/pdflscape/pdflscape.sty
Package: pdflscape 2019/12/05 v0.12 Display of landscape pages in PDF (HO)

(/usr/share/texlive/texmf-dist/tex/latex/graphics/lscape.sty
Package: lscape 2000/10/22 v3.01 Landscape Pages (DPC)
)
Package pdflscape Info: Auto-detected driver: pdftex on input line 81.
)
(/usr/share/texlive/texmf-dist/tex/latex/fmtcount/fc-english.def
File: fc-english.def 2016/01/12
)
LaTeX Font Info:    Trying to load font information for U+lasy on input line 60
.

(/usr/share/texlive/texmf-dist/tex/latex/base/ulasy.fd
File: ulasy.fd 1998/08/17 v2.2e LaTeX symbol font definitions
)
LaTeX Font Info:    Trying to load font information for U+msa on input line 60.


(/usr/share/texlive/texmf-dist/tex/latex/amsfonts/umsa.fd
File: umsa.fd 2013/01/14 v3.01 AMS symbols A
)
LaTeX Font Info:    Trying to load font information for U+msb on input line 60.


(/usr/share/texlive/texmf-dist/tex/latex/amsfonts/umsb.fd
File: umsb.fd 2013/01/14 v3.01 AMS symbols B
) [1

{/var/lib/texmf/fonts/map/pdftex/updmap/pdftex.map}] (./FinalThesis.toc [1


])
\tf@toc=\write5
\openout5 = `FinalThesis.toc'.

 [2]
(./FinalThesis.lof
Overfull \hbox (7.94058pt too wide) in paragraph at lines 6--6
 [][] [][]\OT1/cmr/m/n/12 Basic QA-LSTM model de-pict-ing biL-STM im-ple-men-ta
-tion ([]Tan 
 []

)
\tf@lof=\write6
\openout6 = `FinalThesis.lof'.

 [3

] (./FinalThesis.lot
Overfull \hbox (11.08015pt too wide) in paragraph at lines 5--5
 \OT1/cmr/m/n/12 light var-i-ous con-fig-u-ra-tions im-ple-mented. The best be-
ing Match- 
 []

)
\tf@lot=\write7
\openout7 = `FinalThesis.lot'.

 (./nomenclature.tex) (./FinalThesis.nls [4

] [5

]) [6]pdfTeX warning (ext4): destination with the same identifier (name{page.i}
) has been already used, duplicate ignored
<to be read again> 
                   \relax 
l.72 	\end{abstract}
                     [1]
Chapter 1.

Package hyperref Warning: Token not allowed in a PDF string (PDFDocEncoding):
(hyperref)                removing `\<let>-command' on input line 75.


Package hyperref Warning: Token not allowed in a PDF string (PDFDocEncoding):
(hyperref)                removing `\\' on input line 75.


Package hyperref Warning: Token not allowed in a PDF string (PDFDocEncoding):
(hyperref)                removing `\@centercr' on input line 75.


Package hyperref Warning: Token not allowed in a PDF string (PDFDocEncoding):
(hyperref)                removing `\rightskip' on input line 75.


Package hyperref Warning: Token not allowed in a PDF string (PDFDocEncoding):
(hyperref)                removing `\@flushglue' on input line 75.


Package hyperref Warning: Token not allowed in a PDF string (PDFDocEncoding):
(hyperref)                removing `\leftskip' on input line 75.


Package hyperref Warning: Token not allowed in a PDF string (PDFDocEncoding):
(hyperref)                removing `\@flushglue' on input line 75.


Package hyperref Warning: Token not allowed in a PDF string (PDFDocEncoding):
(hyperref)                removing `\parindent' on input line 75.


Package hyperref Warning: Token not allowed in a PDF string (PDFDocEncoding):
(hyperref)                removing `\z@' on input line 75.


Package hyperref Warning: Token not allowed in a PDF string (PDFDocEncoding):
(hyperref)                removing `\parfillskip' on input line 75.


Package hyperref Warning: Token not allowed in a PDF string (PDFDocEncoding):
(hyperref)                removing `\z@skip' on input line 75.

pdfTeX warning (ext4): destination with the same identifier (name{page.1}) has 
been already used, duplicate ignored
<to be read again> 
                   \relax 
l.82 
      [1


]

LaTeX Warning: Reference `back' on page 2 undefined on input line 92.


LaTeX Warning: Reference `rr' on page 2 undefined on input line 92.

[2] [3] [4]
Chapter 2.

Package hyperref Warning: Token not allowed in a PDF string (PDFDocEncoding):
(hyperref)                removing `\<let>-command' on input line 123.


Package hyperref Warning: Token not allowed in a PDF string (PDFDocEncoding):
(hyperref)                removing `\\' on input line 123.


Package hyperref Warning: Token not allowed in a PDF string (PDFDocEncoding):
(hyperref)                removing `\@centercr' on input line 123.


Package hyperref Warning: Token not allowed in a PDF string (PDFDocEncoding):
(hyperref)                removing `\rightskip' on input line 123.


Package hyperref Warning: Token not allowed in a PDF string (PDFDocEncoding):
(hyperref)                removing `\@flushglue' on input line 123.


Package hyperref Warning: Token not allowed in a PDF string (PDFDocEncoding):
(hyperref)                removing `\leftskip' on input line 123.


Package hyperref Warning: Token not allowed in a PDF string (PDFDocEncoding):
(hyperref)                removing `\@flushglue' on input line 123.


Package hyperref Warning: Token not allowed in a PDF string (PDFDocEncoding):
(hyperref)                removing `\parindent' on input line 123.


Package hyperref Warning: Token not allowed in a PDF string (PDFDocEncoding):
(hyperref)                removing `\z@' on input line 123.


Package hyperref Warning: Token not allowed in a PDF string (PDFDocEncoding):
(hyperref)                removing `\parfillskip' on input line 123.


Package hyperref Warning: Token not allowed in a PDF string (PDFDocEncoding):
(hyperref)                removing `\z@skip' on input line 123.


Overfull \hbox (0.94455pt too wide) in paragraph at lines 133--134
[]\OT1/cmr/m/n/12 1997[]), high-lights that the work pre-vi-ously done us-ing v
ar-i-ous gradient-descent
 []

[5

]
<../images/lstm-memorycell.png, id=374, 1169.36874pt x 492.84125pt>
File: ../images/lstm-memorycell.png Graphic file (type png)
<use ../images/lstm-memorycell.png>
Package pdftex.def Info: ../images/lstm-memorycell.png  used on input line 137.

(pdftex.def)             Requested size: 409.28519pt x 172.49701pt.

Overfull \hbox (19.28519pt too wide) in paragraph at lines 137--138
[][] 
 []

[6 <../images/lstm-memorycell.png>]
<../images/lstm-network.png, id=396, 1276.77pt x 736.7525pt>
File: ../images/lstm-network.png Graphic file (type png)
<use ../images/lstm-network.png>
Package pdftex.def Info: ../images/lstm-network.png  used on input line 171.
(pdftex.def)             Requested size: 446.87619pt x 257.86723pt.

Overfull \hbox (56.87619pt too wide) in paragraph at lines 171--172
 [][] 
 []


LaTeX Warning: `!h' float specifier changed to `!ht'.

[7] [8 <../images/lstm-network.png>]
<../images/lstm-biLstm.png, id=418, 537.00626pt x 558.085pt>
File: ../images/lstm-biLstm.png Graphic file (type png)
<use ../images/lstm-biLstm.png>
Package pdftex.def Info: ../images/lstm-biLstm.png  used on input line 198.
(pdftex.def)             Requested size: 187.955pt x 195.33267pt.


LaTeX Warning: `!h' float specifier changed to `!ht'.

[9 <../images/lstm-biLstm.png>]
<../images/lstm-bilstmhaig.png, id=439, 732.7375pt x 297.11pt>
File: ../images/lstm-bilstmhaig.png Graphic file (type png)
<use ../images/lstm-bilstmhaig.png>
Package pdftex.def Info: ../images/lstm-bilstmhaig.png  used on input line 226.

(pdftex.def)             Requested size: 293.08981pt x 118.84189pt.
 [10 <../images/lstm-bilstmhaig.png>]
<../images/lstm-bilstmhaigcnn.png, id=450, 783.92876pt x 482.80376pt>
File: ../images/lstm-bilstmhaigcnn.png Graphic file (type png)
<use ../images/lstm-bilstmhaigcnn.png>
Package pdftex.def Info: ../images/lstm-bilstmhaigcnn.png  used on input line 2
36.
(pdftex.def)             Requested size: 274.37918pt x 168.98384pt.
 [11 <../images/lstm-bilstmhaigcnn.png>]
<../images/lstm-bilstmhaighattention.png, id=469, 922.44624pt x 352.31625pt>
File: ../images/lstm-bilstmhaighattention.png Graphic file (type png)
<use ../images/lstm-bilstmhaighattention.png>
Package pdftex.def Info: ../images/lstm-bilstmhaighattention.png  used on input
 line 259.
(pdftex.def)             Requested size: 322.86102pt x 123.31253pt.
 [12 <../images/lstm-bilstmhaighattention.png>]
Overfull \hbox (29.70192pt too wide) in paragraph at lines 280--293
[][] 
 []

[13]

LaTeX Warning: Reference `24' on page 14 undefined on input line 301.


Overfull \hbox (2.73593pt too wide) in paragraph at lines 310--311
[]\OT1/cmr/bx/n/12 Match-LSTM Layer\OT1/cmr/m/n/12 : Here, the model treats the
 ques-tion as a premise
 []

[14]
<../images/lstmMatch.png, id=529, 910.90312pt x 519.44063pt>
File: ../images/lstmMatch.png Graphic file (type png)
<use ../images/lstmMatch.png>
Package pdftex.def Info: ../images/lstmMatch.png  used on input line 332.
(pdftex.def)             Requested size: 364.3548pt x 207.77257pt.
<../images/lstm-intent1.png, id=537, 872.25874pt x 656.4525pt>
File: ../images/lstm-intent1.png Graphic file (type png)
<use ../images/lstm-intent1.png>
Package pdftex.def Info: ../images/lstm-intent1.png  used on input line 360.
(pdftex.def)             Requested size: 305.29514pt x 229.76181pt.


LaTeX Warning: `!h' float specifier changed to `!ht'.

[15 <../images/lstmMatch.png>] [16 <../images/lstm-intent1.png>]
<../images/lstm-intent2.png, id=562, 808.01875pt x 564.1075pt>
File: ../images/lstm-intent2.png Graphic file (type png)
<use ../images/lstm-intent2.png>
Package pdftex.def Info: ../images/lstm-intent2.png  used on input line 370.
(pdftex.def)             Requested size: 282.8108pt x 197.44057pt.
 [17 <../images/lstm-intent2.png>]
<../images/transformer.png, id=582, 508.90125pt x 599.99156pt>
File: ../images/transformer.png Graphic file (type png)
<use ../images/transformer.png>
Package pdftex.def Info: ../images/transformer.png  used on input line 386.
(pdftex.def)             Requested size: 203.55688pt x 239.99237pt.
 [18 <../images/transformer.PNG>] [19]
Underfull \hbox (badness 10000) in paragraph at lines 408--411

 []


Underfull \hbox (badness 10000) in paragraph at lines 408--411

 []

<../images/multihead.png, id=607, 746.03719pt x 436.63126pt>
File: ../images/multihead.png Graphic file (type png)
<use ../images/multihead.png>
Package pdftex.def Info: ../images/multihead.png  used on input line 416.
(pdftex.def)             Requested size: 298.40958pt x 174.6494pt.
[20 <../images/multihead.PNG>]
Overfull \hbox (15.76692pt too wide) in paragraph at lines 446--447
\OT1/cmr/m/n/12 The pa-per on \OT1/cmr/m/it/12 Bidi-rec-tional En-coder Rep-re-
sen-ta-tions from Trans-form-ers \OT1/cmr/m/n/12 (BERT)
 []

[21]
<../images/BERT.png, id=643, 1086.0575pt x 479.7925pt>
File: ../images/BERT.png Graphic file (type png)
<use ../images/BERT.png>
Package pdftex.def Info: ../images/BERT.png  used on input line 451.
(pdftex.def)             Requested size: 380.12581pt x 167.92987pt.
 [22 <../images/BERT.png>]
Chapter 3.

Package hyperref Warning: Token not allowed in a PDF string (PDFDocEncoding):
(hyperref)                removing `\<let>-command' on input line 471.


Package hyperref Warning: Token not allowed in a PDF string (PDFDocEncoding):
(hyperref)                removing `\\' on input line 471.


Package hyperref Warning: Token not allowed in a PDF string (PDFDocEncoding):
(hyperref)                removing `\@centercr' on input line 471.


Package hyperref Warning: Token not allowed in a PDF string (PDFDocEncoding):
(hyperref)                removing `\rightskip' on input line 471.


Package hyperref Warning: Token not allowed in a PDF string (PDFDocEncoding):
(hyperref)                removing `\@flushglue' on input line 471.


Package hyperref Warning: Token not allowed in a PDF string (PDFDocEncoding):
(hyperref)                removing `\leftskip' on input line 471.


Package hyperref Warning: Token not allowed in a PDF string (PDFDocEncoding):
(hyperref)                removing `\@flushglue' on input line 471.


Package hyperref Warning: Token not allowed in a PDF string (PDFDocEncoding):
(hyperref)                removing `\parindent' on input line 471.


Package hyperref Warning: Token not allowed in a PDF string (PDFDocEncoding):
(hyperref)                removing `\z@' on input line 471.


Package hyperref Warning: Token not allowed in a PDF string (PDFDocEncoding):
(hyperref)                removing `\parfillskip' on input line 471.


Package hyperref Warning: Token not allowed in a PDF string (PDFDocEncoding):
(hyperref)                removing `\z@skip' on input line 471.


Underfull \hbox (badness 10000) in paragraph at lines 480--488

 []


Overfull \hbox (14.63324pt too wide) in paragraph at lines 480--488
[] 
 []


Underfull \hbox (badness 10000) in paragraph at lines 480--488

 []


Underfull \hbox (badness 10000) in paragraph at lines 480--488

 []

[23

]

LaTeX Warning: `!h' float specifier changed to `!ht'.

[24] [25]
Chapter 4.
[26

]
Chapter 5.
[27

]
Chapter 6.
(./FinalThesis.bbl [28

] [29

] [30]
Underfull \hbox (badness 2119) in paragraph at lines 165--169
\OT1/cmr/m/n/12 Dauphin.  Con-vo-lu-tional se-quence to se-quence learn-ing.  \
OT1/cmr/m/it/12 CoRR\OT1/cmr/m/n/12 ,
 []

[31]) [32] [33


]
Appendix A.
<../images/GanttChart-mid.png, id=763, 1059.96pt x 819.06pt>
File: ../images/GanttChart-mid.png Graphic file (type png)
<use ../images/GanttChart-mid.png>
Package pdftex.def Info: ../images/GanttChart-mid.png  used on input line 569.
(pdftex.def)             Requested size: 582.9798pt x 450.48439pt.

Overfull \hbox (60.48439pt too wide) in paragraph at lines 569--570
 [][] 
 []


LaTeX Warning: Float too large for page by 10.47978pt on input line 571.


LaTeX Warning: `!h' float specifier changed to `!ht'.

[34

] [35 <../images/GanttChart-mid.png>]
Appendix B.
<../rp.pdf, id=774, 614.295pt x 794.97pt>
File: ../rp.pdf Graphic file (type pdf)
<use ../rp.pdf>
Package pdftex.def Info: ../rp.pdf  used on input line 573.
(pdftex.def)             Requested size: 614.29349pt x 794.96806pt.
File: ../rp.pdf Graphic file (type pdf)
<use ../rp.pdf>
Package pdftex.def Info: ../rp.pdf  used on input line 573.
(pdftex.def)             Requested size: 614.29349pt x 794.96806pt.
<../rp.pdf, id=777, page=1, 614.295pt x 794.97pt>
File: ../rp.pdf Graphic file (type pdf)
<use ../rp.pdf, page 1>
Package pdftex.def Info: ../rp.pdf , page1 used on input line 573.
(pdftex.def)             Requested size: 614.29349pt x 794.96806pt.
File: ../rp.pdf Graphic file (type pdf)
<use ../rp.pdf, page 1>
Package pdftex.def Info: ../rp.pdf , page1 used on input line 573.
(pdftex.def)             Requested size: 597.78697pt x 773.60669pt.
[36

]
File: ../rp.pdf Graphic file (type pdf)
<use ../rp.pdf, page 1>
Package pdftex.def Info: ../rp.pdf , page1 used on input line 573.
(pdftex.def)             Requested size: 597.78697pt x 773.60669pt.
File: ../rp.pdf Graphic file (type pdf)
<use ../rp.pdf, page 1>
Package pdftex.def Info: ../rp.pdf , page1 used on input line 573.
(pdftex.def)             Requested size: 597.78697pt x 773.60669pt.
File: ../rp.pdf Graphic file (type pdf)
<use ../rp.pdf, page 1>
Package pdftex.def Info: ../rp.pdf , page1 used on input line 573.
(pdftex.def)             Requested size: 597.78697pt x 773.60669pt.
 [37 <../rp.pdf>]
<../rp.pdf, id=802, page=2, 614.295pt x 794.97pt>
File: ../rp.pdf Graphic file (type pdf)
<use ../rp.pdf, page 2>
Package pdftex.def Info: ../rp.pdf , page2 used on input line 573.
(pdftex.def)             Requested size: 597.78697pt x 773.60669pt.
File: ../rp.pdf Graphic file (type pdf)
<use ../rp.pdf, page 2>
Package pdftex.def Info: ../rp.pdf , page2 used on input line 573.
(pdftex.def)             Requested size: 597.78697pt x 773.60669pt.
File: ../rp.pdf Graphic file (type pdf)
<use ../rp.pdf, page 2>
Package pdftex.def Info: ../rp.pdf , page2 used on input line 573.
(pdftex.def)             Requested size: 597.78697pt x 773.60669pt.
 [38 <../rp.pdf>]
<../rp.pdf, id=817, page=3, 614.295pt x 794.97pt>
File: ../rp.pdf Graphic file (type pdf)
<use ../rp.pdf, page 3>
Package pdftex.def Info: ../rp.pdf , page3 used on input line 573.
(pdftex.def)             Requested size: 597.78697pt x 773.60669pt.
File: ../rp.pdf Graphic file (type pdf)
<use ../rp.pdf, page 3>
Package pdftex.def Info: ../rp.pdf , page3 used on input line 573.
(pdftex.def)             Requested size: 597.78697pt x 773.60669pt.
File: ../rp.pdf Graphic file (type pdf)
<use ../rp.pdf, page 3>
Package pdftex.def Info: ../rp.pdf , page3 used on input line 573.
(pdftex.def)             Requested size: 597.78697pt x 773.60669pt.
 [39 <../rp.pdf>]
<../rp.pdf, id=827, page=4, 614.295pt x 794.97pt>
File: ../rp.pdf Graphic file (type pdf)
<use ../rp.pdf, page 4>
Package pdftex.def Info: ../rp.pdf , page4 used on input line 573.
(pdftex.def)             Requested size: 597.78697pt x 773.60669pt.
File: ../rp.pdf Graphic file (type pdf)
<use ../rp.pdf, page 4>
Package pdftex.def Info: ../rp.pdf , page4 used on input line 573.
(pdftex.def)             Requested size: 597.78697pt x 773.60669pt.
File: ../rp.pdf Graphic file (type pdf)
<use ../rp.pdf, page 4>
Package pdftex.def Info: ../rp.pdf , page4 used on input line 573.
(pdftex.def)             Requested size: 597.78697pt x 773.60669pt.
 [40 <../rp.pdf>]
<../rp.pdf, id=832, page=5, 614.295pt x 794.97pt>
File: ../rp.pdf Graphic file (type pdf)
<use ../rp.pdf, page 5>
Package pdftex.def Info: ../rp.pdf , page5 used on input line 573.
(pdftex.def)             Requested size: 597.78697pt x 773.60669pt.
File: ../rp.pdf Graphic file (type pdf)
<use ../rp.pdf, page 5>
Package pdftex.def Info: ../rp.pdf , page5 used on input line 573.
(pdftex.def)             Requested size: 597.78697pt x 773.60669pt.
File: ../rp.pdf Graphic file (type pdf)
<use ../rp.pdf, page 5>
Package pdftex.def Info: ../rp.pdf , page5 used on input line 573.
(pdftex.def)             Requested size: 597.78697pt x 773.60669pt.

[41 <../rp.pdf>]
<../rp.pdf, id=838, page=6, 614.295pt x 794.97pt>
File: ../rp.pdf Graphic file (type pdf)
<use ../rp.pdf, page 6>
Package pdftex.def Info: ../rp.pdf , page6 used on input line 573.
(pdftex.def)             Requested size: 597.78697pt x 773.60669pt.
File: ../rp.pdf Graphic file (type pdf)
<use ../rp.pdf, page 6>
Package pdftex.def Info: ../rp.pdf , page6 used on input line 573.
(pdftex.def)             Requested size: 597.78697pt x 773.60669pt.
File: ../rp.pdf Graphic file (type pdf)
<use ../rp.pdf, page 6>
Package pdftex.def Info: ../rp.pdf , page6 used on input line 573.
(pdftex.def)             Requested size: 597.78697pt x 773.60669pt.
 [42 <../rp.pdf>]
<../rp.pdf, id=843, page=7, 614.295pt x 794.97pt>
File: ../rp.pdf Graphic file (type pdf)
<use ../rp.pdf, page 7>
Package pdftex.def Info: ../rp.pdf , page7 used on input line 573.
(pdftex.def)             Requested size: 597.78697pt x 773.60669pt.
File: ../rp.pdf Graphic file (type pdf)
<use ../rp.pdf, page 7>
Package pdftex.def Info: ../rp.pdf , page7 used on input line 573.
(pdftex.def)             Requested size: 597.78697pt x 773.60669pt.
File: ../rp.pdf Graphic file (type pdf)
<use ../rp.pdf, page 7>
Package pdftex.def Info: ../rp.pdf , page7 used on input line 573.
(pdftex.def)             Requested size: 597.78697pt x 773.60669pt.
 [43 <../rp.pdf>]
<../rp.pdf, id=851, page=8, 614.295pt x 794.97pt>
File: ../rp.pdf Graphic file (type pdf)
<use ../rp.pdf, page 8>
Package pdftex.def Info: ../rp.pdf , page8 used on input line 573.
(pdftex.def)             Requested size: 597.78697pt x 773.60669pt.
File: ../rp.pdf Graphic file (type pdf)
<use ../rp.pdf, page 8>
Package pdftex.def Info: ../rp.pdf , page8 used on input line 573.
(pdftex.def)             Requested size: 597.78697pt x 773.60669pt.
File: ../rp.pdf Graphic file (type pdf)
<use ../rp.pdf, page 8>
Package pdftex.def Info: ../rp.pdf , page8 used on input line 573.
(pdftex.def)             Requested size: 597.78697pt x 773.60669pt.
 [44 <../rp.pdf>]
<../rp.pdf, id=859, page=9, 614.295pt x 794.97pt>
File: ../rp.pdf Graphic file (type pdf)
<use ../rp.pdf, page 9>
Package pdftex.def Info: ../rp.pdf , page9 used on input line 573.
(pdftex.def)             Requested size: 597.78697pt x 773.60669pt.
File: ../rp.pdf Graphic file (type pdf)
<use ../rp.pdf, page 9>
Package pdftex.def Info: ../rp.pdf , page9 used on input line 573.
(pdftex.def)             Requested size: 597.78697pt x 773.60669pt.
File: ../rp.pdf Graphic file (type pdf)
<use ../rp.pdf, page 9>
Package pdftex.def Info: ../rp.pdf , page9 used on input line 573.
(pdftex.def)             Requested size: 597.78697pt x 773.60669pt.
 [45 <../rp.pdf>]
<../rp.pdf, id=867, page=10, 614.295pt x 794.97pt>
File: ../rp.pdf Graphic file (type pdf)
<use ../rp.pdf, page 10>
Package pdftex.def Info: ../rp.pdf , page10 used on input line 573.
(pdftex.def)             Requested size: 597.78697pt x 773.60669pt.
File: ../rp.pdf Graphic file (type pdf)
<use ../rp.pdf, page 10>
Package pdftex.def Info: ../rp.pdf , page10 used on input line 573.
(pdftex.def)             Requested size: 597.78697pt x 773.60669pt.
File: ../rp.pdf Graphic file (type pdf)
<use ../rp.pdf, page 10>
Package pdftex.def Info: ../rp.pdf , page10 used on input line 573.
(pdftex.def)             Requested size: 597.78697pt x 773.60669pt.
 [46 <../rp.pdf>]
<../rp.pdf, id=872, page=11, 614.295pt x 794.97pt>
File: ../rp.pdf Graphic file (type pdf)
<use ../rp.pdf, page 11>
Package pdftex.def Info: ../rp.pdf , page11 used on input line 573.
(pdftex.def)             Requested size: 597.78697pt x 773.60669pt.
File: ../rp.pdf Graphic file (type pdf)
<use ../rp.pdf, page 11>
Package pdftex.def Info: ../rp.pdf , page11 used on input line 573.
(pdftex.def)             Requested size: 597.78697pt x 773.60669pt.
File: ../rp.pdf Graphic file (type pdf)
<use ../rp.pdf, page 11>
Package pdftex.def Info: ../rp.pdf , page11 used on input line 573.
(pdftex.def)             Requested size: 597.78697pt x 773.60669pt.
 [47 <../rp.pdf>]
<../rp.pdf, id=878, page=12, 614.295pt x 794.97pt>
File: ../rp.pdf Graphic file (type pdf)
<use ../rp.pdf, page 12>
Package pdftex.def Info: ../rp.pdf , page12 used on input line 573.
(pdftex.def)             Requested size: 597.78697pt x 773.60669pt.
File: ../rp.pdf Graphic file (type pdf)
<use ../rp.pdf, page 12>
Package pdftex.def Info: ../rp.pdf , page12 used on input line 573.
(pdftex.def)             Requested size: 597.78697pt x 773.60669pt.
File: ../rp.pdf Graphic file (type pdf)
<use ../rp.pdf, page 12>
Package pdftex.def Info: ../rp.pdf , page12 used on input line 573.
(pdftex.def)             Requested size: 597.78697pt x 773.60669pt.
 [48 <../rp.pdf>]
<../rp.pdf, id=883, page=13, 614.295pt x 794.97pt>
File: ../rp.pdf Graphic file (type pdf)
<use ../rp.pdf, page 13>
Package pdftex.def Info: ../rp.pdf , page13 used on input line 573.
(pdftex.def)             Requested size: 597.78697pt x 773.60669pt.
File: ../rp.pdf Graphic file (type pdf)
<use ../rp.pdf, page 13>
Package pdftex.def Info: ../rp.pdf , page13 used on input line 573.
(pdftex.def)             Requested size: 597.78697pt x 773.60669pt.
File: ../rp.pdf Graphic file (type pdf)
<use ../rp.pdf, page 13>
Package pdftex.def Info: ../rp.pdf , page13 used on input line 573.
(pdftex.def)             Requested size: 597.78697pt x 773.60669pt.
 [49 <../rp.pdf>]
<../rp.pdf, id=896, page=14, 614.295pt x 794.97pt>
File: ../rp.pdf Graphic file (type pdf)
<use ../rp.pdf, page 14>
Package pdftex.def Info: ../rp.pdf , page14 used on input line 573.
(pdftex.def)             Requested size: 597.78697pt x 773.60669pt.
File: ../rp.pdf Graphic file (type pdf)
<use ../rp.pdf, page 14>
Package pdftex.def Info: ../rp.pdf , page14 used on input line 573.
(pdftex.def)             Requested size: 597.78697pt x 773.60669pt.
File: ../rp.pdf Graphic file (type pdf)
<use ../rp.pdf, page 14>
Package pdftex.def Info: ../rp.pdf , page14 used on input line 573.
(pdftex.def)             Requested size: 597.78697pt x 773.60669pt.

[50 <../rp.pdf>]
<../rp.pdf, id=901, page=15, 614.295pt x 794.97pt>
File: ../rp.pdf Graphic file (type pdf)
<use ../rp.pdf, page 15>
Package pdftex.def Info: ../rp.pdf , page15 used on input line 573.
(pdftex.def)             Requested size: 597.78697pt x 773.60669pt.
File: ../rp.pdf Graphic file (type pdf)
<use ../rp.pdf, page 15>
Package pdftex.def Info: ../rp.pdf , page15 used on input line 573.
(pdftex.def)             Requested size: 597.78697pt x 773.60669pt.
File: ../rp.pdf Graphic file (type pdf)
<use ../rp.pdf, page 15>
Package pdftex.def Info: ../rp.pdf , page15 used on input line 573.
(pdftex.def)             Requested size: 597.78697pt x 773.60669pt.
 [51 <../rp.pdf>]

Package caption Warning: Unused \captionsetup[figure] on input line \caption@op
t@figure@lineno .
See the caption package documentation for explanation.


Package caption Warning: Unused \captionsetup[ table] on input line \caption@op
t@ table@lineno .
See the caption package documentation for explanation.

Package atveryend Info: Empty hook `BeforeClearDocument' on input line 577.
Package atveryend Info: Empty hook `AfterLastShipout' on input line 577.
(./FinalThesis.aux)
Package atveryend Info: Executing hook `AtVeryEndDocument' on input line 577.
Package atveryend Info: Executing hook `AtEndAfterFileList' on input line 577.
Package rerunfilecheck Info: File `FinalThesis.out' has not changed.
(rerunfilecheck)             Checksum: 0E700C9DC541C5149208AB1EB154F835;2164.


LaTeX Warning: There were undefined references.

Package atveryend Info: Empty hook `AtVeryVeryEnd' on input line 577.
 ) 
Here is how much of TeX's memory you used:
 12438 strings out of 483183
 190103 string characters out of 5966292
 520769 words of memory out of 5000000
 27017 multiletter control sequences out of 15000+600000
 544920 words of font info for 76 fonts, out of 8000000 for 9000
 14 hyphenation exceptions out of 8191
 43i,21n,61p,1071b,600s stack positions out of 5000i,500n,10000p,200000b,80000s
 </home/nirbhay/.texlive2019/texmf-var/fonts/pk/ljfour/jknappen/ec/tcrm1200.6
00pk></usr/share/texlive/texmf-dist/fonts/type1/public/amsfonts/cm/cmbx10.pfb><
/usr/share/texlive/texmf-dist/fonts/type1/public/amsfonts/cm/cmbx12.pfb></usr/s
hare/texlive/texmf-dist/fonts/type1/public/amsfonts/cm/cmbx8.pfb></usr/share/te
xlive/texmf-dist/fonts/type1/public/amsfonts/cm/cmex10.pfb></usr/share/texlive/
texmf-dist/fonts/type1/public/amsfonts/cm/cmmi12.pfb></usr/share/texlive/texmf-
dist/fonts/type1/public/amsfonts/cm/cmmi6.pfb></usr/share/texlive/texmf-dist/fo
nts/type1/public/amsfonts/cm/cmmi8.pfb></usr/share/texlive/texmf-dist/fonts/typ
e1/public/amsfonts/cm/cmr10.pfb></usr/share/texlive/texmf-dist/fonts/type1/publ
ic/amsfonts/cm/cmr12.pfb></usr/share/texlive/texmf-dist/fonts/type1/public/amsf
onts/cm/cmr17.pfb></usr/share/texlive/texmf-dist/fonts/type1/public/amsfonts/cm
/cmr6.pfb></usr/share/texlive/texmf-dist/fonts/type1/public/amsfonts/cm/cmr8.pf
b></usr/share/texlive/texmf-dist/fonts/type1/public/amsfonts/cm/cmsy10.pfb></us
r/share/texlive/texmf-dist/fonts/type1/public/amsfonts/cm/cmsy8.pfb></usr/share
/texlive/texmf-dist/fonts/type1/public/amsfonts/cm/cmti10.pfb></usr/share/texli
ve/texmf-dist/fonts/type1/public/amsfonts/cm/cmti12.pfb></usr/share/texlive/tex
mf-dist/fonts/type1/public/amsfonts/cm/cmti8.pfb></usr/share/texlive/texmf-dist
/fonts/type1/public/amsfonts/cm/cmtt12.pfb></usr/share/texlive/texmf-dist/fonts
/type1/public/amsfonts/symbols/msbm10.pfb>
Output written on FinalThesis.pdf (59 pages, 1472503 bytes).
PDF statistics:
 1003 PDF objects out of 1200 (max. 8388607)
 858 compressed objects within 9 object streams
 167 named destinations out of 1000 (max. 500000)
 420 words of extra memory for PDF output out of 10000 (max. 10000000)

