\BOOKMARK [0][-]{chapter*.2}{List of Figures}{}% 1
\BOOKMARK [0][-]{chapter*.3}{List of Tables}{}% 2
\BOOKMARK [0][-]{chapter*.4}{List of Abbreviations}{}% 3
\BOOKMARK [0][-]{chapter.1}{Introduction}{}% 4
\BOOKMARK [1][-]{section.1.1}{Background Of The Study}{chapter.1}% 5
\BOOKMARK [1][-]{section.1.2}{Aims And Objectives}{chapter.1}% 6
\BOOKMARK [1][-]{section.1.3}{Scope Of The Study}{chapter.1}% 7
\BOOKMARK [1][-]{section.1.4}{Significance Of The Study}{chapter.1}% 8
\BOOKMARK [1][-]{section.1.5}{Structure Of The Study}{chapter.1}% 9
\BOOKMARK [0][-]{chapter.2}{Literature Review}{}% 10
\BOOKMARK [1][-]{section.2.1}{Long Short-Term Memory}{chapter.2}% 11
\BOOKMARK [2][-]{subsection.2.1.1}{BiLSTMs}{section.2.1}% 12
\BOOKMARK [2][-]{subsection.2.1.2}{LSTM And Question Answering}{section.2.1}% 13
\BOOKMARK [2][-]{subsection.2.1.3}{Critical Issues in LSTMs}{section.2.1}% 14
\BOOKMARK [1][-]{section.2.2}{Transformers}{chapter.2}% 15
\BOOKMARK [2][-]{subsection.2.2.1}{Self Attention}{section.2.2}% 16
\BOOKMARK [2][-]{subsection.2.2.2}{Improvements of Transformer Architectures}{section.2.2}% 17
\BOOKMARK [0][-]{chapter.3}{Research Methodology}{}% 18
\BOOKMARK [1][-]{section.3.1}{Data Selection}{chapter.3}% 19
\BOOKMARK [1][-]{section.3.2}{Research Hypothesis}{chapter.3}% 20
\BOOKMARK [1][-]{section.3.3}{Model Evaluation Metrics}{chapter.3}% 21
\BOOKMARK [1][-]{section.3.4}{Research Flow Diagram}{chapter.3}% 22
\BOOKMARK [0][-]{chapter.4}{Architecture Creation}{}% 23
\BOOKMARK [1][-]{section.4.1}{Drawbacks Of Current Architectures}{chapter.4}% 24
\BOOKMARK [1][-]{section.4.2}{Proposed Architecture Improvements}{chapter.4}% 25
\BOOKMARK [1][-]{section.4.3}{Architecture Refinement}{chapter.4}% 26
\BOOKMARK [0][-]{chapter.5}{Results And Discussion}{}% 27
\BOOKMARK [1][-]{section.5.1}{Experiment Data Pre-Processing And Analysis}{chapter.5}% 28
\BOOKMARK [1][-]{section.5.2}{Existing Architecture Benchmarks}{chapter.5}% 29
\BOOKMARK [1][-]{section.5.3}{Custom BERT Model Results}{chapter.5}% 30
\BOOKMARK [1][-]{section.5.4}{Discussion}{chapter.5}% 31
\BOOKMARK [0][-]{chapter.6}{Conclusions And Recommendations}{}% 32
\BOOKMARK [1][-]{section.6.1}{Recommendations}{chapter.6}% 33
\BOOKMARK [0][-]{section*.28}{Appendices}{}% 34
\BOOKMARK [0][-]{appendix.1.A}{Appendix Gantt Chart}{}% 35
\BOOKMARK [0][-]{appendix.1.B}{Appendix Research Proposal}{}% 36
\BOOKMARK [0][-]{appendix*.30}{References}{}% 37
